     1 00000000                                 [FORMAT "WCOFF"]
     2 00000000                                 [INSTRSET "i486p"]
     3 00000000                                 [OPTIMIZE 1]
     4 00000000                                 [OPTION 1]
     5 00000000                                 [BITS 32]
     6 00000000                                 	EXTERN	_init_gdtidt
     7 00000000                                 	EXTERN	_init_pic
     8 00000000                                 	EXTERN	_io_sti
     9 00000000                                 	EXTERN	_keyfifo
    10 00000000                                 	EXTERN	_fifo8_init
    11 00000000                                 	EXTERN	_mousefifo
    12 00000000                                 	EXTERN	_init_pit
    13 00000000                                 	EXTERN	_io_out8
    14 00000000                                 	EXTERN	_timer_alloc
    15 00000000                                 	EXTERN	_timer_init
    16 00000000                                 	EXTERN	_timer_settime
    17 00000000                                 	EXTERN	_init_keyboard
    18 00000000                                 	EXTERN	_enable_mouse
    19 00000000                                 	EXTERN	_memtest
    20 00000000                                 	EXTERN	_memman_init
    21 00000000                                 	EXTERN	_memman_free
    22 00000000                                 	EXTERN	_init_palette
    23 00000000                                 	EXTERN	_shtctl_init
    24 00000000                                 	EXTERN	_sheet_alloc
    25 00000000                                 	EXTERN	_memman_alloc_4k
    26 00000000                                 	EXTERN	_sheet_setbuf
    27 00000000                                 	EXTERN	_init_screen8
    28 00000000                                 	EXTERN	_init_mouse_cursor8
    29 00000000                                 	EXTERN	_sheet_slide
    30 00000000                                 	EXTERN	_sheet_updown
    31 00000000                                 	EXTERN	_sprintf
    32 00000000                                 	EXTERN	_putfonts8_asc
    33 00000000                                 	EXTERN	_memman_total
    34 00000000                                 	EXTERN	_sheet_refresh
    35 00000000                                 	EXTERN	_timerctl
    36 00000000                                 	EXTERN	_boxfill8
    37 00000000                                 	EXTERN	_io_cli
    38 00000000                                 	EXTERN	_fifo8_status
    39 00000000                                 	EXTERN	_fifo8_get
    40 00000000                                 	EXTERN	_mouse_decode
    41 00000000                                 [FILE "bootpack.c"]
    42                                          [SECTION .data]
    43 00000000                                 LC0:
    44 00000000 63 6F 75 6E 74 65 72 00         	DB	"counter",0x00
    45 00000008                                 LC1:
    46 00000008 28 25 33 64 2C 20 25 33 64 29   	DB	"(%3d, %3d)",0x00
       00000012 00 
    47 00000013                                 LC2:
    48 00000013 6D 65 6D 6F 72 79 20 25 64 4D   	DB	"memory %dMB   free : %dKB",0x00
       0000001D 42 20 20 20 66 72 65 65 20 3A 
       00000027 20 25 64 4B 42 00 
    49 0000002D                                 LC3:
    50 0000002D 25 30 31 30 64 00               	DB	"%010d",0x00
    51 00000033                                 LC7:
    52 00000033 33 5B 73 65 63 5D 00            	DB	"3[sec]",0x00
    53 0000003A                                 LC6:
    54 0000003A 31 30 5B 73 65 63 5D 00         	DB	"10[sec]",0x00
    55 00000042                                 LC5:
    56 00000042 5B 6C 63 72 20 25 34 64 20 25   	DB	"[lcr %4d %4d]",0x00
       0000004C 34 64 5D 00 
    57 00000050                                 LC4:
    58 00000050 25 30 32 58 00                  	DB	"%02X",0x00
    59                                          [SECTION .text]
    60 00000000                                 	GLOBAL	_HariMain
    61 00000000                                 _HariMain:
    62 00000000 55                              	PUSH	EBP
    63 00000001 89 E5                           	MOV	EBP,ESP
    64 00000003 57                              	PUSH	EDI
    65 00000004 56                              	PUSH	ESI
    66 00000005 53                              	PUSH	EBX
    67 00000006 8D 5D D4                        	LEA	EBX,DWORD [-44+EBP]
    68 00000009 81 EC 00000280                  	SUB	ESP,640
    69 0000000F E8 [00000000]                   	CALL	_init_gdtidt
    70 00000014 E8 [00000000]                   	CALL	_init_pic
    71 00000019 E8 [00000000]                   	CALL	_io_sti
    72 0000001E 8D 85 FFFFFF44                  	LEA	EAX,DWORD [-188+EBP]
    73 00000024 50                              	PUSH	EAX
    74 00000025 6A 20                           	PUSH	32
    75 00000027 68 [00000000]                   	PUSH	_keyfifo
    76 0000002C E8 [00000000]                   	CALL	_fifo8_init
    77 00000031 8D 85 FFFFFEC4                  	LEA	EAX,DWORD [-316+EBP]
    78 00000037 50                              	PUSH	EAX
    79 00000038 68 00000080                     	PUSH	128
    80 0000003D 68 [00000000]                   	PUSH	_mousefifo
    81 00000042 E8 [00000000]                   	CALL	_fifo8_init
    82 00000047 E8 [00000000]                   	CALL	_init_pit
    83 0000004C 68 000000F8                     	PUSH	248
    84 00000051 6A 21                           	PUSH	33
    85 00000053 E8 [00000000]                   	CALL	_io_out8
    86 00000058 83 C4 20                        	ADD	ESP,32
    87 0000005B 68 000000EF                     	PUSH	239
    88 00000060 68 000000A1                     	PUSH	161
    89 00000065 E8 [00000000]                   	CALL	_io_out8
    90 0000006A 8D 85 FFFFFDAC                  	LEA	EAX,DWORD [-596+EBP]
    91 00000070 50                              	PUSH	EAX
    92 00000071 6A 08                           	PUSH	8
    93 00000073 53                              	PUSH	EBX
    94 00000074 E8 [00000000]                   	CALL	_fifo8_init
    95 00000079 E8 [00000000]                   	CALL	_timer_alloc
    96 0000007E 6A 01                           	PUSH	1
    97 00000080 53                              	PUSH	EBX
    98 00000081 89 C6                           	MOV	ESI,EAX
    99 00000083 50                              	PUSH	EAX
   100 00000084 8D 5D B4                        	LEA	EBX,DWORD [-76+EBP]
   101 00000087 E8 [00000000]                   	CALL	_timer_init
   102 0000008C 83 C4 20                        	ADD	ESP,32
   103 0000008F 68 000003E8                     	PUSH	1000
   104 00000094 56                              	PUSH	ESI
   105 00000095 E8 [00000000]                   	CALL	_timer_settime
   106 0000009A 8D 85 FFFFFDA4                  	LEA	EAX,DWORD [-604+EBP]
   107 000000A0 50                              	PUSH	EAX
   108 000000A1 6A 08                           	PUSH	8
   109 000000A3 53                              	PUSH	EBX
   110 000000A4 E8 [00000000]                   	CALL	_fifo8_init
   111 000000A9 E8 [00000000]                   	CALL	_timer_alloc
   112 000000AE 6A 01                           	PUSH	1
   113 000000B0 53                              	PUSH	EBX
   114 000000B1 89 C6                           	MOV	ESI,EAX
   115 000000B3 50                              	PUSH	EAX
   116 000000B4 8D 5D 94                        	LEA	EBX,DWORD [-108+EBP]
   117 000000B7 E8 [00000000]                   	CALL	_timer_init
   118 000000BC 83 C4 20                        	ADD	ESP,32
   119 000000BF 68 0000012C                     	PUSH	300
   120 000000C4 56                              	PUSH	ESI
   121 000000C5 E8 [00000000]                   	CALL	_timer_settime
   122 000000CA 8D 85 FFFFFD9C                  	LEA	EAX,DWORD [-612+EBP]
   123 000000D0 50                              	PUSH	EAX
   124 000000D1 6A 08                           	PUSH	8
   125 000000D3 53                              	PUSH	EBX
   126 000000D4 E8 [00000000]                   	CALL	_fifo8_init
   127 000000D9 E8 [00000000]                   	CALL	_timer_alloc
   128 000000DE 6A 01                           	PUSH	1
   129 000000E0 53                              	PUSH	EBX
   130 000000E1 50                              	PUSH	EAX
   131 000000E2 89 85 FFFFFD98                  	MOV	DWORD [-616+EBP],EAX
   132 000000E8 E8 [00000000]                   	CALL	_timer_init
   133 000000ED 83 C4 20                        	ADD	ESP,32
   134 000000F0 6A 32                           	PUSH	50
   135 000000F2 FF B5 FFFFFD98                  	PUSH	DWORD [-616+EBP]
   136 000000F8 E8 [00000000]                   	CALL	_timer_settime
   137 000000FD E8 [00000000]                   	CALL	_init_keyboard
   138 00000102 8D 85 FFFFFEB4                  	LEA	EAX,DWORD [-332+EBP]
   139 00000108 50                              	PUSH	EAX
   140 00000109 E8 [00000000]                   	CALL	_enable_mouse
   141 0000010E 68 BFFFFFFF                     	PUSH	-1073741825
   142 00000113 68 00400000                     	PUSH	4194304
   143 00000118 E8 [00000000]                   	CALL	_memtest
   144 0000011D 68 003C0000                     	PUSH	3932160
   145 00000122 89 C6                           	MOV	ESI,EAX
   146 00000124 E8 [00000000]                   	CALL	_memman_init
   147 00000129 68 0009E000                     	PUSH	647168
   148 0000012E 68 00001000                     	PUSH	4096
   149 00000133 68 003C0000                     	PUSH	3932160
   150 00000138 E8 [00000000]                   	CALL	_memman_free
   151 0000013D 8D 86 FFC00000                  	LEA	EAX,DWORD [-4194304+ESI]
   152 00000143 83 C4 24                        	ADD	ESP,36
   153 00000146 50                              	PUSH	EAX
   154 00000147 68 00400000                     	PUSH	4194304
   155 0000014C 68 003C0000                     	PUSH	3932160
   156 00000151 E8 [00000000]                   	CALL	_memman_free
   157 00000156 E8 [00000000]                   	CALL	_init_palette
   158 0000015B 0F BF 05 00000FF6               	MOVSX	EAX,WORD [4086]
   159 00000162 50                              	PUSH	EAX
   160 00000163 0F BF 05 00000FF4               	MOVSX	EAX,WORD [4084]
   161 0000016A 50                              	PUSH	EAX
   162 0000016B FF 35 00000FF8                  	PUSH	DWORD [4088]
   163 00000171 68 003C0000                     	PUSH	3932160
   164 00000176 E8 [00000000]                   	CALL	_shtctl_init
   165 0000017B 89 C3                           	MOV	EBX,EAX
   166 0000017D 50                              	PUSH	EAX
   167 0000017E E8 [00000000]                   	CALL	_sheet_alloc
   168 00000183 83 C4 20                        	ADD	ESP,32
   169 00000186 53                              	PUSH	EBX
   170 00000187 89 85 FFFFFD8C                  	MOV	DWORD [-628+EBP],EAX
   171 0000018D E8 [00000000]                   	CALL	_sheet_alloc
   172 00000192 53                              	PUSH	EBX
   173 00000193 8D 9D FFFFFDB4                  	LEA	EBX,DWORD [-588+EBP]
   174 00000199 89 85 FFFFFD88                  	MOV	DWORD [-632+EBP],EAX
   175 0000019F E8 [00000000]                   	CALL	_sheet_alloc
   176 000001A4 0F BF 15 00000FF6               	MOVSX	EDX,WORD [4086]
   177 000001AB 89 85 FFFFFD84                  	MOV	DWORD [-636+EBP],EAX
   178 000001B1 0F BF 05 00000FF4               	MOVSX	EAX,WORD [4084]
   179 000001B8 0F AF C2                        	IMUL	EAX,EDX
   180 000001BB 50                              	PUSH	EAX
   181 000001BC 68 003C0000                     	PUSH	3932160
   182 000001C1 E8 [00000000]                   	CALL	_memman_alloc_4k
   183 000001C6 68 00002080                     	PUSH	8320
   184 000001CB 68 003C0000                     	PUSH	3932160
   185 000001D0 89 85 FFFFFD80                  	MOV	DWORD [-640+EBP],EAX
   186 000001D6 E8 [00000000]                   	CALL	_memman_alloc_4k
   187 000001DB 6A FF                           	PUSH	-1
   188 000001DD 89 85 FFFFFD7C                  	MOV	DWORD [-644+EBP],EAX
   189 000001E3 0F BF 05 00000FF6               	MOVSX	EAX,WORD [4086]
   190 000001EA 50                              	PUSH	EAX
   191 000001EB 0F BF 05 00000FF4               	MOVSX	EAX,WORD [4084]
   192 000001F2 50                              	PUSH	EAX
   193 000001F3 FF B5 FFFFFD80                  	PUSH	DWORD [-640+EBP]
   194 000001F9 FF B5 FFFFFD8C                  	PUSH	DWORD [-628+EBP]
   195 000001FF E8 [00000000]                   	CALL	_sheet_setbuf
   196 00000204 83 C4 2C                        	ADD	ESP,44
   197 00000207 6A 63                           	PUSH	99
   198 00000209 6A 10                           	PUSH	16
   199 0000020B 6A 10                           	PUSH	16
   200 0000020D 53                              	PUSH	EBX
   201 0000020E FF B5 FFFFFD88                  	PUSH	DWORD [-632+EBP]
   202 00000214 E8 [00000000]                   	CALL	_sheet_setbuf
   203 00000219 6A FF                           	PUSH	-1
   204 0000021B 6A 34                           	PUSH	52
   205 0000021D 68 000000A0                     	PUSH	160
   206 00000222 FF B5 FFFFFD7C                  	PUSH	DWORD [-644+EBP]
   207 00000228 FF B5 FFFFFD84                  	PUSH	DWORD [-636+EBP]
   208 0000022E E8 [00000000]                   	CALL	_sheet_setbuf
   209 00000233 83 C4 28                        	ADD	ESP,40
   210 00000236 0F BF 05 00000FF6               	MOVSX	EAX,WORD [4086]
   211 0000023D 50                              	PUSH	EAX
   212 0000023E 0F BF 05 00000FF4               	MOVSX	EAX,WORD [4084]
   213 00000245 50                              	PUSH	EAX
   214 00000246 FF B5 FFFFFD80                  	PUSH	DWORD [-640+EBP]
   215 0000024C E8 [00000000]                   	CALL	_init_screen8
   216 00000251 6A 63                           	PUSH	99
   217 00000253 53                              	PUSH	EBX
   218 00000254 BB 00000002                     	MOV	EBX,2
   219 00000259 E8 [00000000]                   	CALL	_init_mouse_cursor8
   220 0000025E 68 [00000000]                   	PUSH	LC0
   221 00000263 6A 34                           	PUSH	52
   222 00000265 68 000000A0                     	PUSH	160
   223 0000026A FF B5 FFFFFD7C                  	PUSH	DWORD [-644+EBP]
   224 00000270 E8 0000054E                     	CALL	_make_window8
   225 00000275 83 C4 24                        	ADD	ESP,36
   226 00000278 6A 00                           	PUSH	0
   227 0000027A 6A 00                           	PUSH	0
   228 0000027C FF B5 FFFFFD8C                  	PUSH	DWORD [-628+EBP]
   229 00000282 E8 [00000000]                   	CALL	_sheet_slide
   230 00000287 0F BF 05 00000FF4               	MOVSX	EAX,WORD [4084]
   231 0000028E 8D 48 F0                        	LEA	ECX,DWORD [-16+EAX]
   232 00000291 89 C8                           	MOV	EAX,ECX
   233 00000293 99                              	CDQ
   234 00000294 F7 FB                           	IDIV	EBX
   235 00000296 89 85 FFFFFD94                  	MOV	DWORD [-620+EBP],EAX
   236 0000029C 0F BF 05 00000FF6               	MOVSX	EAX,WORD [4086]
   237 000002A3 8D 48 D4                        	LEA	ECX,DWORD [-44+EAX]
   238 000002A6 89 C8                           	MOV	EAX,ECX
   239 000002A8 99                              	CDQ
   240 000002A9 F7 FB                           	IDIV	EBX
   241 000002AB 50                              	PUSH	EAX
   242 000002AC 89 85 FFFFFD90                  	MOV	DWORD [-624+EBP],EAX
   243 000002B2 FF B5 FFFFFD94                  	PUSH	DWORD [-620+EBP]
   244 000002B8 FF B5 FFFFFD88                  	PUSH	DWORD [-632+EBP]
   245 000002BE 8D 9D FFFFFF64                  	LEA	EBX,DWORD [-156+EBP]
   246 000002C4 E8 [00000000]                   	CALL	_sheet_slide
   247 000002C9 6A 48                           	PUSH	72
   248 000002CB 6A 50                           	PUSH	80
   249 000002CD FF B5 FFFFFD84                  	PUSH	DWORD [-636+EBP]
   250 000002D3 E8 [00000000]                   	CALL	_sheet_slide
   251 000002D8 83 C4 24                        	ADD	ESP,36
   252 000002DB 6A 00                           	PUSH	0
   253 000002DD FF B5 FFFFFD8C                  	PUSH	DWORD [-628+EBP]
   254 000002E3 E8 [00000000]                   	CALL	_sheet_updown
   255 000002E8 6A 01                           	PUSH	1
   256 000002EA FF B5 FFFFFD84                  	PUSH	DWORD [-636+EBP]
   257 000002F0 E8 [00000000]                   	CALL	_sheet_updown
   258 000002F5 6A 02                           	PUSH	2
   259 000002F7 FF B5 FFFFFD88                  	PUSH	DWORD [-632+EBP]
   260 000002FD E8 [00000000]                   	CALL	_sheet_updown
   261 00000302 FF B5 FFFFFD90                  	PUSH	DWORD [-624+EBP]
   262 00000308 FF B5 FFFFFD94                  	PUSH	DWORD [-620+EBP]
   263 0000030E 68 [00000008]                   	PUSH	LC1
   264 00000313 53                              	PUSH	EBX
   265 00000314 E8 [00000000]                   	CALL	_sprintf
   266 00000319 83 C4 28                        	ADD	ESP,40
   267 0000031C 53                              	PUSH	EBX
   268 0000031D 6A 07                           	PUSH	7
   269 0000031F 6A 00                           	PUSH	0
   270 00000321 6A 00                           	PUSH	0
   271 00000323 0F BF 05 00000FF4               	MOVSX	EAX,WORD [4084]
   272 0000032A 50                              	PUSH	EAX
   273 0000032B FF B5 FFFFFD80                  	PUSH	DWORD [-640+EBP]
   274 00000331 E8 [00000000]                   	CALL	_putfonts8_asc
   275 00000336 68 003C0000                     	PUSH	3932160
   276 0000033B E8 [00000000]                   	CALL	_memman_total
   277 00000340 C1 E8 0A                        	SHR	EAX,10
   278 00000343 C1 EE 14                        	SHR	ESI,20
   279 00000346 89 04 24                        	MOV	DWORD [ESP],EAX
   280 00000349 56                              	PUSH	ESI
   281 0000034A 68 [00000013]                   	PUSH	LC2
   282 0000034F 53                              	PUSH	EBX
   283 00000350 E8 [00000000]                   	CALL	_sprintf
   284 00000355 83 C4 28                        	ADD	ESP,40
   285 00000358 53                              	PUSH	EBX
   286 00000359 6A 07                           	PUSH	7
   287 0000035B 6A 20                           	PUSH	32
   288 0000035D 6A 00                           	PUSH	0
   289 0000035F 0F BF 05 00000FF4               	MOVSX	EAX,WORD [4084]
   290 00000366 50                              	PUSH	EAX
   291 00000367 FF B5 FFFFFD80                  	PUSH	DWORD [-640+EBP]
   292 0000036D E8 [00000000]                   	CALL	_putfonts8_asc
   293 00000372 6A 30                           	PUSH	48
   294 00000374 0F BF 05 00000FF4               	MOVSX	EAX,WORD [4084]
   295 0000037B 50                              	PUSH	EAX
   296 0000037C 6A 00                           	PUSH	0
   297 0000037E                                 L27:
   298 0000037E 6A 00                           	PUSH	0
   299 00000380 FF B5 FFFFFD8C                  	PUSH	DWORD [-628+EBP]
   300 00000386 E8 [00000000]                   	CALL	_sheet_refresh
   301 0000038B 83 C4 2C                        	ADD	ESP,44
   302 0000038E                                 L2:
   303 0000038E FF 35 [00000000]                	PUSH	DWORD [_timerctl]
   304 00000394 68 [0000002D]                   	PUSH	LC3
   305 00000399 8D 9D FFFFFF64                  	LEA	EBX,DWORD [-156+EBP]
   306 0000039F 53                              	PUSH	EBX
   307 000003A0 8D 7D D4                        	LEA	EDI,DWORD [-44+EBP]
   308 000003A3 8D 75 94                        	LEA	ESI,DWORD [-108+EBP]
   309 000003A6 E8 [00000000]                   	CALL	_sprintf
   310 000003AB 6A 2B                           	PUSH	43
   311 000003AD 6A 77                           	PUSH	119
   312 000003AF 6A 1C                           	PUSH	28
   313 000003B1 6A 28                           	PUSH	40
   314 000003B3 6A 08                           	PUSH	8
   315 000003B5 68 000000A0                     	PUSH	160
   316 000003BA FF B5 FFFFFD7C                  	PUSH	DWORD [-644+EBP]
   317 000003C0 E8 [00000000]                   	CALL	_boxfill8
   318 000003C5 83 C4 28                        	ADD	ESP,40
   319 000003C8 53                              	PUSH	EBX
   320 000003C9 6A 00                           	PUSH	0
   321 000003CB 6A 1C                           	PUSH	28
   322 000003CD 6A 28                           	PUSH	40
   323 000003CF 68 000000A0                     	PUSH	160
   324 000003D4 FF B5 FFFFFD7C                  	PUSH	DWORD [-644+EBP]
   325 000003DA E8 [00000000]                   	CALL	_putfonts8_asc
   326 000003DF 6A 2C                           	PUSH	44
   327 000003E1 6A 78                           	PUSH	120
   328 000003E3 6A 1C                           	PUSH	28
   329 000003E5 6A 28                           	PUSH	40
   330 000003E7 FF B5 FFFFFD84                  	PUSH	DWORD [-636+EBP]
   331 000003ED E8 [00000000]                   	CALL	_sheet_refresh
   332 000003F2 83 C4 2C                        	ADD	ESP,44
   333 000003F5 E8 [00000000]                   	CALL	_io_cli
   334 000003FA 68 [00000000]                   	PUSH	_keyfifo
   335 000003FF E8 [00000000]                   	CALL	_fifo8_status
   336 00000404 68 [00000000]                   	PUSH	_mousefifo
   337 00000409 89 C3                           	MOV	EBX,EAX
   338 0000040B E8 [00000000]                   	CALL	_fifo8_status
   339 00000410 57                              	PUSH	EDI
   340 00000411 01 C3                           	ADD	EBX,EAX
   341 00000413 E8 [00000000]                   	CALL	_fifo8_status
   342 00000418 8D 55 B4                        	LEA	EDX,DWORD [-76+EBP]
   343 0000041B 52                              	PUSH	EDX
   344 0000041C 01 C3                           	ADD	EBX,EAX
   345 0000041E E8 [00000000]                   	CALL	_fifo8_status
   346 00000423 56                              	PUSH	ESI
   347 00000424 01 C3                           	ADD	EBX,EAX
   348 00000426 E8 [00000000]                   	CALL	_fifo8_status
   349 0000042B 83 C4 14                        	ADD	ESP,20
   350 0000042E 8D 04 18                        	LEA	EAX,DWORD [EAX+EBX*1]
   351 00000431 85 C0                           	TEST	EAX,EAX
   352 00000433 0F 84 00000380                  	JE	L29
   353 00000439 68 [00000000]                   	PUSH	_keyfifo
   354 0000043E E8 [00000000]                   	CALL	_fifo8_status
   355 00000443 59                              	POP	ECX
   356 00000444 85 C0                           	TEST	EAX,EAX
   357 00000446 0F 85 00000305                  	JNE	L30
   358 0000044C 68 [00000000]                   	PUSH	_mousefifo
   359 00000451 E8 [00000000]                   	CALL	_fifo8_status
   360 00000456 5A                              	POP	EDX
   361 00000457 85 C0                           	TEST	EAX,EAX
   362 00000459 0F 85 0000011B                  	JNE	L31
   363 0000045F 57                              	PUSH	EDI
   364 00000460 E8 [00000000]                   	CALL	_fifo8_status
   365 00000465 5B                              	POP	EBX
   366 00000466 85 C0                           	TEST	EAX,EAX
   367 00000468 0F 85 000000E0                  	JNE	L32
   368 0000046E 8D 55 B4                        	LEA	EDX,DWORD [-76+EBP]
   369 00000471 52                              	PUSH	EDX
   370 00000472 E8 [00000000]                   	CALL	_fifo8_status
   371 00000477 59                              	POP	ECX
   372 00000478 85 C0                           	TEST	EAX,EAX
   373 0000047A 0F 85 0000008C                  	JNE	L33
   374 00000480 56                              	PUSH	ESI
   375 00000481 E8 [00000000]                   	CALL	_fifo8_status
   376 00000486 5A                              	POP	EDX
   377 00000487 85 C0                           	TEST	EAX,EAX
   378 00000489 0F 84 FFFFFEFF                  	JE	L2
   379 0000048F 56                              	PUSH	ESI
   380 00000490 E8 [00000000]                   	CALL	_fifo8_get
   381 00000495 89 C3                           	MOV	EBX,EAX
   382 00000497 58                              	POP	EAX
   383 00000498 85 DB                           	TEST	EBX,EBX
   384 0000049A 74 56                           	JE	L24
   385 0000049C 6A 00                           	PUSH	0
   386 0000049E 56                              	PUSH	ESI
   387 0000049F FF B5 FFFFFD98                  	PUSH	DWORD [-616+EBP]
   388 000004A5 E8 [00000000]                   	CALL	_timer_init
   389 000004AA 6A 6F                           	PUSH	111
   390 000004AC 6A 0F                           	PUSH	15
   391 000004AE 6A 60                           	PUSH	96
   392 000004B0 6A 08                           	PUSH	8
   393 000004B2 6A 07                           	PUSH	7
   394 000004B4                                 L28:
   395 000004B4 0F BF 05 00000FF4               	MOVSX	EAX,WORD [4084]
   396 000004BB 50                              	PUSH	EAX
   397 000004BC FF B5 FFFFFD80                  	PUSH	DWORD [-640+EBP]
   398 000004C2 E8 [00000000]                   	CALL	_boxfill8
   399 000004C7 83 C4 28                        	ADD	ESP,40
   400 000004CA 6A 32                           	PUSH	50
   401 000004CC FF B5 FFFFFD98                  	PUSH	DWORD [-616+EBP]
   402 000004D2 E8 [00000000]                   	CALL	_timer_settime
   403 000004D7 6A 70                           	PUSH	112
   404 000004D9 6A 10                           	PUSH	16
   405 000004DB 6A 60                           	PUSH	96
   406 000004DD 6A 08                           	PUSH	8
   407 000004DF FF B5 FFFFFD8C                  	PUSH	DWORD [-628+EBP]
   408 000004E5 E8 [00000000]                   	CALL	_sheet_refresh
   409 000004EA 83 C4 1C                        	ADD	ESP,28
   410 000004ED E9 FFFFFE9C                     	JMP	L2
   411 000004F2                                 L24:
   412 000004F2 6A 01                           	PUSH	1
   413 000004F4 56                              	PUSH	ESI
   414 000004F5 FF B5 FFFFFD98                  	PUSH	DWORD [-616+EBP]
   415 000004FB E8 [00000000]                   	CALL	_timer_init
   416 00000500 6A 6F                           	PUSH	111
   417 00000502 6A 0F                           	PUSH	15
   418 00000504 6A 60                           	PUSH	96
   419 00000506 6A 08                           	PUSH	8
   420 00000508 6A 0E                           	PUSH	14
   421 0000050A EB A8                           	JMP	L28
   422 0000050C                                 L33:
   423 0000050C 8D 5D B4                        	LEA	EBX,DWORD [-76+EBP]
   424 0000050F 53                              	PUSH	EBX
   425 00000510 E8 [00000000]                   	CALL	_fifo8_get
   426 00000515 68 [00000033]                   	PUSH	LC7
   427 0000051A 6A 07                           	PUSH	7
   428 0000051C 6A 50                           	PUSH	80
   429 0000051E 6A 00                           	PUSH	0
   430 00000520 0F BF 05 00000FF4               	MOVSX	EAX,WORD [4084]
   431 00000527 50                              	PUSH	EAX
   432 00000528 FF B5 FFFFFD80                  	PUSH	DWORD [-640+EBP]
   433 0000052E E8 [00000000]                   	CALL	_putfonts8_asc
   434 00000533 6A 60                           	PUSH	96
   435 00000535 6A 30                           	PUSH	48
   436 00000537 6A 50                           	PUSH	80
   437 00000539                                 L26:
   438 00000539 6A 00                           	PUSH	0
   439 0000053B FF B5 FFFFFD8C                  	PUSH	DWORD [-628+EBP]
   440 00000541 E8 [00000000]                   	CALL	_sheet_refresh
   441 00000546 83 C4 30                        	ADD	ESP,48
   442 00000549 E9 FFFFFE40                     	JMP	L2
   443 0000054E                                 L32:
   444 0000054E 57                              	PUSH	EDI
   445 0000054F E8 [00000000]                   	CALL	_fifo8_get
   446 00000554 68 [0000003A]                   	PUSH	LC6
   447 00000559 6A 07                           	PUSH	7
   448 0000055B 6A 40                           	PUSH	64
   449 0000055D 6A 00                           	PUSH	0
   450 0000055F 0F BF 05 00000FF4               	MOVSX	EAX,WORD [4084]
   451 00000566 50                              	PUSH	EAX
   452 00000567 FF B5 FFFFFD80                  	PUSH	DWORD [-640+EBP]
   453 0000056D E8 [00000000]                   	CALL	_putfonts8_asc
   454 00000572 6A 50                           	PUSH	80
   455 00000574 6A 38                           	PUSH	56
   456 00000576 6A 40                           	PUSH	64
   457 00000578 EB BF                           	JMP	L26
   458 0000057A                                 L31:
   459 0000057A 68 [00000000]                   	PUSH	_mousefifo
   460 0000057F E8 [00000000]                   	CALL	_fifo8_get
   461 00000584 89 C3                           	MOV	EBX,EAX
   462 00000586 E8 [00000000]                   	CALL	_io_sti
   463 0000058B 0F B6 C3                        	MOVZX	EAX,BL
   464 0000058E 50                              	PUSH	EAX
   465 0000058F 8D 85 FFFFFEB4                  	LEA	EAX,DWORD [-332+EBP]
   466 00000595 50                              	PUSH	EAX
   467 00000596 E8 [00000000]                   	CALL	_mouse_decode
   468 0000059B 83 C4 0C                        	ADD	ESP,12
   469 0000059E 85 C0                           	TEST	EAX,EAX
   470 000005A0 0F 84 FFFFFDE8                  	JE	L2
   471 000005A6 FF B5 FFFFFEBC                  	PUSH	DWORD [-324+EBP]
   472 000005AC FF B5 FFFFFEB8                  	PUSH	DWORD [-328+EBP]
   473 000005B2 68 [00000042]                   	PUSH	LC5
   474 000005B7 8D 95 FFFFFF64                  	LEA	EDX,DWORD [-156+EBP]
   475 000005BD 52                              	PUSH	EDX
   476 000005BE E8 [00000000]                   	CALL	_sprintf
   477 000005C3 83 C4 10                        	ADD	ESP,16
   478 000005C6 8B 85 FFFFFEC0                  	MOV	EAX,DWORD [-320+EBP]
   479 000005CC A9 00000001                     	TEST	EAX,1
   480 000005D1 74 07                           	JE	L11
   481 000005D3 C6 85 FFFFFF65 4C               	MOV	BYTE [-155+EBP],76
   482 000005DA                                 L11:
   483 000005DA A9 00000002                     	TEST	EAX,2
   484 000005DF 74 07                           	JE	L12
   485 000005E1 C6 85 FFFFFF67 52               	MOV	BYTE [-153+EBP],82
   486 000005E8                                 L12:
   487 000005E8 83 E0 04                        	AND	EAX,4
   488 000005EB 74 07                           	JE	L13
   489 000005ED C6 85 FFFFFF66 43               	MOV	BYTE [-154+EBP],67
   490 000005F4                                 L13:
   491 000005F4 6A 1F                           	PUSH	31
   492 000005F6 8D 9D FFFFFF64                  	LEA	EBX,DWORD [-156+EBP]
   493 000005FC 68 00000097                     	PUSH	151
   494 00000601 6A 10                           	PUSH	16
   495 00000603 6A 20                           	PUSH	32
   496 00000605 6A 0E                           	PUSH	14
   497 00000607 0F BF 05 00000FF4               	MOVSX	EAX,WORD [4084]
   498 0000060E 50                              	PUSH	EAX
   499 0000060F FF B5 FFFFFD80                  	PUSH	DWORD [-640+EBP]
   500 00000615 E8 [00000000]                   	CALL	_boxfill8
   501 0000061A 53                              	PUSH	EBX
   502 0000061B 6A 07                           	PUSH	7
   503 0000061D 6A 10                           	PUSH	16
   504 0000061F 6A 20                           	PUSH	32
   505 00000621 0F BF 05 00000FF4               	MOVSX	EAX,WORD [4084]
   506 00000628 50                              	PUSH	EAX
   507 00000629 FF B5 FFFFFD80                  	PUSH	DWORD [-640+EBP]
   508 0000062F E8 [00000000]                   	CALL	_putfonts8_asc
   509 00000634 83 C4 34                        	ADD	ESP,52
   510 00000637 6A 20                           	PUSH	32
   511 00000639 68 00000098                     	PUSH	152
   512 0000063E 6A 10                           	PUSH	16
   513 00000640 6A 20                           	PUSH	32
   514 00000642 FF B5 FFFFFD8C                  	PUSH	DWORD [-628+EBP]
   515 00000648 E8 [00000000]                   	CALL	_sheet_refresh
   516 0000064D 8B 95 FFFFFEB8                  	MOV	EDX,DWORD [-328+EBP]
   517 00000653 8B 85 FFFFFEBC                  	MOV	EAX,DWORD [-324+EBP]
   518 00000659 83 C4 14                        	ADD	ESP,20
   519 0000065C 01 85 FFFFFD90                  	ADD	DWORD [-624+EBP],EAX
   520 00000662 01 95 FFFFFD94                  	ADD	DWORD [-620+EBP],EDX
   521 00000668 0F 88 000000D4                  	JS	L34
   522 0000066E                                 L14:
   523 0000066E 83 BD FFFFFD90 00               	CMP	DWORD [-624+EBP],0
   524 00000675 0F 88 000000B8                  	JS	L35
   525 0000067B                                 L15:
   526 0000067B 0F BF 05 00000FF4               	MOVSX	EAX,WORD [4084]
   527 00000682 48                              	DEC	EAX
   528 00000683 39 85 FFFFFD94                  	CMP	DWORD [-620+EBP],EAX
   529 00000689 7E 06                           	JLE	L16
   530 0000068B 89 85 FFFFFD94                  	MOV	DWORD [-620+EBP],EAX
   531 00000691                                 L16:
   532 00000691 0F BF 05 00000FF6               	MOVSX	EAX,WORD [4086]
   533 00000698 48                              	DEC	EAX
   534 00000699 39 85 FFFFFD90                  	CMP	DWORD [-624+EBP],EAX
   535 0000069F 7E 06                           	JLE	L17
   536 000006A1 89 85 FFFFFD90                  	MOV	DWORD [-624+EBP],EAX
   537 000006A7                                 L17:
   538 000006A7 FF B5 FFFFFD90                  	PUSH	DWORD [-624+EBP]
   539 000006AD FF B5 FFFFFD94                  	PUSH	DWORD [-620+EBP]
   540 000006B3 68 [00000008]                   	PUSH	LC1
   541 000006B8 8D 9D FFFFFF64                  	LEA	EBX,DWORD [-156+EBP]
   542 000006BE 53                              	PUSH	EBX
   543 000006BF E8 [00000000]                   	CALL	_sprintf
   544 000006C4 6A 0F                           	PUSH	15
   545 000006C6 6A 4F                           	PUSH	79
   546 000006C8 6A 00                           	PUSH	0
   547 000006CA 6A 00                           	PUSH	0
   548 000006CC 6A 0E                           	PUSH	14
   549 000006CE 0F BF 05 00000FF4               	MOVSX	EAX,WORD [4084]
   550 000006D5 50                              	PUSH	EAX
   551 000006D6 FF B5 FFFFFD80                  	PUSH	DWORD [-640+EBP]
   552 000006DC E8 [00000000]                   	CALL	_boxfill8
   553 000006E1 83 C4 2C                        	ADD	ESP,44
   554 000006E4 53                              	PUSH	EBX
   555 000006E5 6A 07                           	PUSH	7
   556 000006E7 6A 00                           	PUSH	0
   557 000006E9 6A 00                           	PUSH	0
   558 000006EB 0F BF 05 00000FF4               	MOVSX	EAX,WORD [4084]
   559 000006F2 50                              	PUSH	EAX
   560 000006F3 FF B5 FFFFFD80                  	PUSH	DWORD [-640+EBP]
   561 000006F9 E8 [00000000]                   	CALL	_putfonts8_asc
   562 000006FE 6A 10                           	PUSH	16
   563 00000700 6A 50                           	PUSH	80
   564 00000702 6A 00                           	PUSH	0
   565 00000704 6A 00                           	PUSH	0
   566 00000706 FF B5 FFFFFD8C                  	PUSH	DWORD [-628+EBP]
   567 0000070C E8 [00000000]                   	CALL	_sheet_refresh
   568 00000711 83 C4 2C                        	ADD	ESP,44
   569 00000714 FF B5 FFFFFD90                  	PUSH	DWORD [-624+EBP]
   570 0000071A FF B5 FFFFFD94                  	PUSH	DWORD [-620+EBP]
   571 00000720 FF B5 FFFFFD88                  	PUSH	DWORD [-632+EBP]
   572 00000726 E8 [00000000]                   	CALL	_sheet_slide
   573 0000072B 83 C4 0C                        	ADD	ESP,12
   574 0000072E E9 FFFFFC5B                     	JMP	L2
   575 00000733                                 L35:
   576 00000733 C7 85 FFFFFD90 00000000         	MOV	DWORD [-624+EBP],0
   577 0000073D E9 FFFFFF39                     	JMP	L15
   578 00000742                                 L34:
   579 00000742 C7 85 FFFFFD94 00000000         	MOV	DWORD [-620+EBP],0
   580 0000074C E9 FFFFFF1D                     	JMP	L14
   581 00000751                                 L30:
   582 00000751 68 [00000000]                   	PUSH	_keyfifo
   583 00000756 E8 [00000000]                   	CALL	_fifo8_get
   584 0000075B 89 C3                           	MOV	EBX,EAX
   585 0000075D E8 [00000000]                   	CALL	_io_sti
   586 00000762 53                              	PUSH	EBX
   587 00000763 8D 9D FFFFFF64                  	LEA	EBX,DWORD [-156+EBP]
   588 00000769 68 [00000050]                   	PUSH	LC4
   589 0000076E 53                              	PUSH	EBX
   590 0000076F E8 [00000000]                   	CALL	_sprintf
   591 00000774 6A 1F                           	PUSH	31
   592 00000776 6A 0F                           	PUSH	15
   593 00000778 6A 10                           	PUSH	16
   594 0000077A 6A 00                           	PUSH	0
   595 0000077C 6A 0E                           	PUSH	14
   596 0000077E 0F BF 05 00000FF4               	MOVSX	EAX,WORD [4084]
   597 00000785 50                              	PUSH	EAX
   598 00000786 FF B5 FFFFFD80                  	PUSH	DWORD [-640+EBP]
   599 0000078C E8 [00000000]                   	CALL	_boxfill8
   600 00000791 83 C4 2C                        	ADD	ESP,44
   601 00000794 53                              	PUSH	EBX
   602 00000795 6A 07                           	PUSH	7
   603 00000797 6A 10                           	PUSH	16
   604 00000799 6A 00                           	PUSH	0
   605 0000079B 0F BF 05 00000FF4               	MOVSX	EAX,WORD [4084]
   606 000007A2 50                              	PUSH	EAX
   607 000007A3 FF B5 FFFFFD80                  	PUSH	DWORD [-640+EBP]
   608 000007A9 E8 [00000000]                   	CALL	_putfonts8_asc
   609 000007AE 6A 20                           	PUSH	32
   610 000007B0 6A 10                           	PUSH	16
   611 000007B2 6A 10                           	PUSH	16
   612 000007B4 E9 FFFFFBC5                     	JMP	L27
   613 000007B9                                 L29:
   614 000007B9 E8 [00000000]                   	CALL	_io_sti
   615 000007BE E9 FFFFFBCB                     	JMP	L2
   616                                          [SECTION .data]
   617 00000055                                 _closebtn.0:
   618 00000055 4F 4F 4F 4F 4F 4F 4F 4F 4F 4F   	DB	"OOOOOOOOOOOOOOO@"
       0000005F 4F 4F 4F 4F 4F 40 
   619 00000065 4F 51 51 51 51 51 51 51 51 51   	DB	"OQQQQQQQQQQQQQ$@"
       0000006F 51 51 51 51 24 40 
   620 00000075 4F 51 51 51 51 51 51 51 51 51   	DB	"OQQQQQQQQQQQQQ$@"
       0000007F 51 51 51 51 24 40 
   621 00000085 4F 51 51 51 40 40 51 51 51 51   	DB	"OQQQ@@QQQQ@@QQ$@"
       0000008F 40 40 51 51 24 40 
   622 00000095 4F 51 51 51 51 40 40 51 51 40   	DB	"OQQQQ@@QQ@@QQQ$@"
       0000009F 40 51 51 51 24 40 
   623 000000A5 4F 51 51 51 51 51 40 40 40 40   	DB	"OQQQQQ@@@@QQQQ$@"
       000000AF 51 51 51 51 24 40 
   624 000000B5 4F 51 51 51 51 51 51 40 40 51   	DB	"OQQQQQQ@@QQQQQ$@"
       000000BF 51 51 51 51 24 40 
   625 000000C5 4F 51 51 51 51 51 40 40 40 40   	DB	"OQQQQQ@@@@QQQQ$@"
       000000CF 51 51 51 51 24 40 
   626 000000D5 4F 51 51 51 51 40 40 51 51 40   	DB	"OQQQQ@@QQ@@QQQ$@"
       000000DF 40 51 51 51 24 40 
   627 000000E5 4F 51 51 51 40 40 51 51 51 51   	DB	"OQQQ@@QQQQ@@QQ$@"
       000000EF 40 40 51 51 24 40 
   628 000000F5 4F 51 51 51 51 51 51 51 51 51   	DB	"OQQQQQQQQQQQQQ$@"
       000000FF 51 51 51 51 24 40 
   629 00000105 4F 51 51 51 51 51 51 51 51 51   	DB	"OQQQQQQQQQQQQQ$@"
       0000010F 51 51 51 51 24 40 
   630 00000115 4F 24 24 24 24 24 24 24 24 24   	DB	"O$$$$$$$$$$$$$$@"
       0000011F 24 24 24 24 24 40 
   631 00000125 40 40 40 40 40 40 40 40 40 40   	DB	"@@@@@@@@@@@@@@@@"
       0000012F 40 40 40 40 40 40 
   632                                          [SECTION .text]
   633 000007C3                                 	GLOBAL	_make_window8
   634 000007C3                                 _make_window8:
   635 000007C3 55                              	PUSH	EBP
   636 000007C4 89 E5                           	MOV	EBP,ESP
   637 000007C6 57                              	PUSH	EDI
   638 000007C7 56                              	PUSH	ESI
   639 000007C8 53                              	PUSH	EBX
   640 000007C9 83 EC 14                        	SUB	ESP,20
   641 000007CC 8B 5D 0C                        	MOV	EBX,DWORD [12+EBP]
   642 000007CF 6A 00                           	PUSH	0
   643 000007D1 8D 43 FF                        	LEA	EAX,DWORD [-1+EBX]
   644 000007D4 8D 7B FE                        	LEA	EDI,DWORD [-2+EBX]
   645 000007D7 50                              	PUSH	EAX
   646 000007D8 89 45 EC                        	MOV	DWORD [-20+EBP],EAX
   647 000007DB 6A 00                           	PUSH	0
   648 000007DD 6A 00                           	PUSH	0
   649 000007DF 6A 08                           	PUSH	8
   650 000007E1 53                              	PUSH	EBX
   651 000007E2 FF 75 08                        	PUSH	DWORD [8+EBP]
   652 000007E5 E8 [00000000]                   	CALL	_boxfill8
   653 000007EA 6A 01                           	PUSH	1
   654 000007EC 57                              	PUSH	EDI
   655 000007ED 6A 01                           	PUSH	1
   656 000007EF 6A 01                           	PUSH	1
   657 000007F1 6A 07                           	PUSH	7
   658 000007F3 53                              	PUSH	EBX
   659 000007F4 FF 75 08                        	PUSH	DWORD [8+EBP]
   660 000007F7 E8 [00000000]                   	CALL	_boxfill8
   661 000007FC 8B 55 10                        	MOV	EDX,DWORD [16+EBP]
   662 000007FF 83 C4 38                        	ADD	ESP,56
   663 00000802 4A                              	DEC	EDX
   664 00000803 89 55 E8                        	MOV	DWORD [-24+EBP],EDX
   665 00000806 52                              	PUSH	EDX
   666 00000807 6A 00                           	PUSH	0
   667 00000809 6A 00                           	PUSH	0
   668 0000080B 6A 00                           	PUSH	0
   669 0000080D 6A 08                           	PUSH	8
   670 0000080F 53                              	PUSH	EBX
   671 00000810 FF 75 08                        	PUSH	DWORD [8+EBP]
   672 00000813 E8 [00000000]                   	CALL	_boxfill8
   673 00000818 8B 75 10                        	MOV	ESI,DWORD [16+EBP]
   674 0000081B 83 EE 02                        	SUB	ESI,2
   675 0000081E 56                              	PUSH	ESI
   676 0000081F 6A 01                           	PUSH	1
   677 00000821 6A 01                           	PUSH	1
   678 00000823 6A 01                           	PUSH	1
   679 00000825 6A 07                           	PUSH	7
   680 00000827 53                              	PUSH	EBX
   681 00000828 FF 75 08                        	PUSH	DWORD [8+EBP]
   682 0000082B E8 [00000000]                   	CALL	_boxfill8
   683 00000830 83 C4 38                        	ADD	ESP,56
   684 00000833 56                              	PUSH	ESI
   685 00000834 57                              	PUSH	EDI
   686 00000835 6A 01                           	PUSH	1
   687 00000837 57                              	PUSH	EDI
   688 00000838 6A 0F                           	PUSH	15
   689 0000083A 53                              	PUSH	EBX
   690 0000083B FF 75 08                        	PUSH	DWORD [8+EBP]
   691 0000083E E8 [00000000]                   	CALL	_boxfill8
   692 00000843 FF 75 E8                        	PUSH	DWORD [-24+EBP]
   693 00000846 FF 75 EC                        	PUSH	DWORD [-20+EBP]
   694 00000849 6A 00                           	PUSH	0
   695 0000084B FF 75 EC                        	PUSH	DWORD [-20+EBP]
   696 0000084E 6A 00                           	PUSH	0
   697 00000850 53                              	PUSH	EBX
   698 00000851 FF 75 08                        	PUSH	DWORD [8+EBP]
   699 00000854 E8 [00000000]                   	CALL	_boxfill8
   700 00000859 8B 45 10                        	MOV	EAX,DWORD [16+EBP]
   701 0000085C 83 C4 38                        	ADD	ESP,56
   702 0000085F 83 E8 03                        	SUB	EAX,3
   703 00000862 50                              	PUSH	EAX
   704 00000863 8D 43 FD                        	LEA	EAX,DWORD [-3+EBX]
   705 00000866 50                              	PUSH	EAX
   706 00000867 6A 02                           	PUSH	2
   707 00000869 6A 02                           	PUSH	2
   708 0000086B 6A 08                           	PUSH	8
   709 0000086D 53                              	PUSH	EBX
   710 0000086E FF 75 08                        	PUSH	DWORD [8+EBP]
   711 00000871 E8 [00000000]                   	CALL	_boxfill8
   712 00000876 8D 43 FC                        	LEA	EAX,DWORD [-4+EBX]
   713 00000879 6A 14                           	PUSH	20
   714 0000087B 50                              	PUSH	EAX
   715 0000087C 6A 03                           	PUSH	3
   716 0000087E 6A 03                           	PUSH	3
   717 00000880 6A 0C                           	PUSH	12
   718 00000882 53                              	PUSH	EBX
   719 00000883 FF 75 08                        	PUSH	DWORD [8+EBP]
   720 00000886 E8 [00000000]                   	CALL	_boxfill8
   721 0000088B 83 C4 38                        	ADD	ESP,56
   722 0000088E 56                              	PUSH	ESI
   723 0000088F 57                              	PUSH	EDI
   724 00000890 56                              	PUSH	ESI
   725 00000891 6A 01                           	PUSH	1
   726 00000893 6A 0F                           	PUSH	15
   727 00000895 53                              	PUSH	EBX
   728 00000896 FF 75 08                        	PUSH	DWORD [8+EBP]
   729 00000899 E8 [00000000]                   	CALL	_boxfill8
   730 0000089E FF 75 E8                        	PUSH	DWORD [-24+EBP]
   731 000008A1 FF 75 EC                        	PUSH	DWORD [-20+EBP]
   732 000008A4 FF 75 E8                        	PUSH	DWORD [-24+EBP]
   733 000008A7 6A 00                           	PUSH	0
   734 000008A9 6A 00                           	PUSH	0
   735 000008AB 6B F3 05                        	IMUL	ESI,EBX,5
   736 000008AE 53                              	PUSH	EBX
   737 000008AF FF 75 08                        	PUSH	DWORD [8+EBP]
   738 000008B2 E8 [00000000]                   	CALL	_boxfill8
   739 000008B7 83 C4 38                        	ADD	ESP,56
   740 000008BA FF 75 14                        	PUSH	DWORD [20+EBP]
   741 000008BD 6A 07                           	PUSH	7
   742 000008BF 6A 04                           	PUSH	4
   743 000008C1 6A 18                           	PUSH	24
   744 000008C3 53                              	PUSH	EBX
   745 000008C4 FF 75 08                        	PUSH	DWORD [8+EBP]
   746 000008C7 E8 [00000000]                   	CALL	_putfonts8_asc
   747 000008CC 83 C4 18                        	ADD	ESP,24
   748 000008CF C7 45 F0 00000000               	MOV	DWORD [-16+EBP],0
   749 000008D6 C7 45 E0 00000000               	MOV	DWORD [-32+EBP],0
   750 000008DD                                 L52:
   751 000008DD 8D 04 1E                        	LEA	EAX,DWORD [ESI+EBX*1]
   752 000008E0 8B 55 08                        	MOV	EDX,DWORD [8+EBP]
   753 000008E3 31 FF                           	XOR	EDI,EDI
   754 000008E5 8D 4C 02 EB                     	LEA	ECX,DWORD [-21+EDX+EAX*1]
   755 000008E9                                 L51:
   756 000008E9 8B 45 E0                        	MOV	EAX,DWORD [-32+EBP]
   757 000008EC 8A 94 07 [00000055]             	MOV	DL,BYTE [_closebtn.0+EDI+EAX*1]
   758 000008F3 80 FA 40                        	CMP	DL,64
   759 000008F6 74 33                           	JE	L57
   760 000008F8 80 FA 24                        	CMP	DL,36
   761 000008FB 74 2A                           	JE	L58
   762 000008FD 80 FA 51                        	CMP	DL,81
   763 00000900 B2 08                           	MOV	DL,8
   764 00000902 0F 95 C0                        	SETNE	AL
   765 00000905 28 C2                           	SUB	DL,AL
   766 00000907                                 L46:
   767 00000907 47                              	INC	EDI
   768 00000908 88 11                           	MOV	BYTE [ECX],DL
   769 0000090A 41                              	INC	ECX
   770 0000090B 83 FF 0F                        	CMP	EDI,15
   771 0000090E 7E D9                           	JLE	L51
   772 00000910 FF 45 F0                        	INC	DWORD [-16+EBP]
   773 00000913 01 DE                           	ADD	ESI,EBX
   774 00000915 83 45 E0 10                     	ADD	DWORD [-32+EBP],16
   775 00000919 83 7D F0 0D                     	CMP	DWORD [-16+EBP],13
   776 0000091D 7E BE                           	JLE	L52
   777 0000091F 8D 65 F4                        	LEA	ESP,DWORD [-12+EBP]
   778 00000922 5B                              	POP	EBX
   779 00000923 5E                              	POP	ESI
   780 00000924 5F                              	POP	EDI
   781 00000925 5D                              	POP	EBP
   782 00000926 C3                              	RET
   783 00000927                                 L58:
   784 00000927 B2 0F                           	MOV	DL,15
   785 00000929 EB DC                           	JMP	L46
   786 0000092B                                 L57:
   787 0000092B 31 D2                           	XOR	EDX,EDX
   788 0000092D EB D8                           	JMP	L46
