     1 00000000                                 [FORMAT "WCOFF"]
     2 00000000                                 [INSTRSET "i486p"]
     3 00000000                                 [OPTIMIZE 1]
     4 00000000                                 [OPTION 1]
     5 00000000                                 [BITS 32]
     6 00000000                                 	EXTERN	_memman_alloc_4k
     7 00000000                                 	EXTERN	_memman_free_4k
     8 00000000                                 [FILE "sheet.c"]
     9                                          [SECTION .text]
    10 00000000                                 	GLOBAL	_shtctl_init
    11 00000000                                 _shtctl_init:
    12 00000000 55                              	PUSH	EBP
    13 00000001 89 E5                           	MOV	EBP,ESP
    14 00000003 57                              	PUSH	EDI
    15 00000004 56                              	PUSH	ESI
    16 00000005 53                              	PUSH	EBX
    17 00000006 8B 75 08                        	MOV	ESI,DWORD [8+EBP]
    18 00000009 68 00002814                     	PUSH	10260
    19 0000000E 8B 7D 10                        	MOV	EDI,DWORD [16+EBP]
    20 00000011 56                              	PUSH	ESI
    21 00000012 E8 [00000000]                   	CALL	_memman_alloc_4k
    22 00000017 89 C3                           	MOV	EBX,EAX
    23 00000019 58                              	POP	EAX
    24 0000001A 5A                              	POP	EDX
    25 0000001B 85 DB                           	TEST	EBX,EBX
    26 0000001D 74 4A                           	JE	L3
    27 0000001F 8B 45 14                        	MOV	EAX,DWORD [20+EBP]
    28 00000022 0F AF C7                        	IMUL	EAX,EDI
    29 00000025 50                              	PUSH	EAX
    30 00000026 56                              	PUSH	ESI
    31 00000027 E8 [00000000]                   	CALL	_memman_alloc_4k
    32 0000002C 85 C0                           	TEST	EAX,EAX
    33 0000002E 89 43 04                        	MOV	DWORD [4+EBX],EAX
    34 00000031 5A                              	POP	EDX
    35 00000032 59                              	POP	ECX
    36 00000033 74 3E                           	JE	L11
    37 00000035 8B 45 0C                        	MOV	EAX,DWORD [12+EBP]
    38 00000038 89 7B 08                        	MOV	DWORD [8+EBX],EDI
    39 0000003B 89 03                           	MOV	DWORD [EBX],EAX
    40 0000003D 8D 93 000023DC                  	LEA	EDX,DWORD [9180+EBX]
    41 00000043 8B 45 14                        	MOV	EAX,DWORD [20+EBP]
    42 00000046 89 43 0C                        	MOV	DWORD [12+EBX],EAX
    43 00000049 89 D8                           	MOV	EAX,EBX
    44 0000004B C7 43 10 FFFFFFFF               	MOV	DWORD [16+EBX],-1
    45 00000052                                 L9:
    46 00000052 C7 80 00000430 00000000         	MOV	DWORD [1072+EAX],0
    47 0000005C 89 98 00000434                  	MOV	DWORD [1076+EAX],EBX
    48 00000062 83 C0 24                        	ADD	EAX,36
    49 00000065 39 D0                           	CMP	EAX,EDX
    50 00000067 7E E9                           	JLE	L9
    51 00000069                                 L3:
    52 00000069 8D 65 F4                        	LEA	ESP,DWORD [-12+EBP]
    53 0000006C 89 D8                           	MOV	EAX,EBX
    54 0000006E 5B                              	POP	EBX
    55 0000006F 5E                              	POP	ESI
    56 00000070 5F                              	POP	EDI
    57 00000071 5D                              	POP	EBP
    58 00000072 C3                              	RET
    59 00000073                                 L11:
    60 00000073 68 00002814                     	PUSH	10260
    61 00000078 53                              	PUSH	EBX
    62 00000079 56                              	PUSH	ESI
    63 0000007A E8 [00000000]                   	CALL	_memman_free_4k
    64 0000007F 83 C4 0C                        	ADD	ESP,12
    65 00000082 EB E5                           	JMP	L3
    66 00000084                                 	GLOBAL	_sheet_alloc
    67 00000084                                 _sheet_alloc:
    68 00000084 55                              	PUSH	EBP
    69 00000085 31 D2                           	XOR	EDX,EDX
    70 00000087 89 E5                           	MOV	EBP,ESP
    71 00000089 8B 45 08                        	MOV	EAX,DWORD [8+EBP]
    72 0000008C 05 00000414                     	ADD	EAX,1044
    73 00000091                                 L18:
    74 00000091 83 78 1C 00                     	CMP	DWORD [28+EAX],0
    75 00000095 74 10                           	JE	L21
    76 00000097 42                              	INC	EDX
    77 00000098 83 C0 24                        	ADD	EAX,36
    78 0000009B 81 FA 000000FF                  	CMP	EDX,255
    79 000000A1 7E EE                           	JLE	L18
    80 000000A3 31 C0                           	XOR	EAX,EAX
    81 000000A5                                 L12:
    82 000000A5 5D                              	POP	EBP
    83 000000A6 C3                              	RET
    84 000000A7                                 L21:
    85 000000A7 C7 40 1C 00000001               	MOV	DWORD [28+EAX],1
    86 000000AE C7 40 18 FFFFFFFF               	MOV	DWORD [24+EAX],-1
    87 000000B5 EB EE                           	JMP	L12
    88 000000B7                                 	GLOBAL	_sheet_setbuf
    89 000000B7                                 _sheet_setbuf:
    90 000000B7 55                              	PUSH	EBP
    91 000000B8 89 E5                           	MOV	EBP,ESP
    92 000000BA 8B 55 08                        	MOV	EDX,DWORD [8+EBP]
    93 000000BD 8B 45 0C                        	MOV	EAX,DWORD [12+EBP]
    94 000000C0 89 02                           	MOV	DWORD [EDX],EAX
    95 000000C2 8B 45 10                        	MOV	EAX,DWORD [16+EBP]
    96 000000C5 89 42 04                        	MOV	DWORD [4+EDX],EAX
    97 000000C8 8B 45 14                        	MOV	EAX,DWORD [20+EBP]
    98 000000CB 89 42 08                        	MOV	DWORD [8+EDX],EAX
    99 000000CE 8B 45 18                        	MOV	EAX,DWORD [24+EBP]
   100 000000D1 89 42 14                        	MOV	DWORD [20+EDX],EAX
   101 000000D4 5D                              	POP	EBP
   102 000000D5 C3                              	RET
   103 000000D6                                 	GLOBAL	_sheet_updown
   104 000000D6                                 _sheet_updown:
   105 000000D6 55                              	PUSH	EBP
   106 000000D7 89 E5                           	MOV	EBP,ESP
   107 000000D9 57                              	PUSH	EDI
   108 000000DA 56                              	PUSH	ESI
   109 000000DB 53                              	PUSH	EBX
   110 000000DC 51                              	PUSH	ECX
   111 000000DD 8B 7D 08                        	MOV	EDI,DWORD [8+EBP]
   112 000000E0 8B 5D 0C                        	MOV	EBX,DWORD [12+EBP]
   113 000000E3 8B 77 20                        	MOV	ESI,DWORD [32+EDI]
   114 000000E6 8B 47 18                        	MOV	EAX,DWORD [24+EDI]
   115 000000E9 89 45 F0                        	MOV	DWORD [-16+EBP],EAX
   116 000000EC 8B 46 10                        	MOV	EAX,DWORD [16+ESI]
   117 000000EF 40                              	INC	EAX
   118 000000F0 39 C3                           	CMP	EBX,EAX
   119 000000F2 7E 02                           	JLE	L24
   120 000000F4 89 C3                           	MOV	EBX,EAX
   121 000000F6                                 L24:
   122 000000F6 83 FB FF                        	CMP	EBX,-1
   123 000000F9 7D 03                           	JGE	L25
   124 000000FB 83 CB FF                        	OR	EBX,-1
   125 000000FE                                 L25:
   126 000000FE 89 5F 18                        	MOV	DWORD [24+EDI],EBX
   127 00000101 39 5D F0                        	CMP	DWORD [-16+EBP],EBX
   128 00000104 0F 8E 000000C8                  	JLE	L26
   129 0000010A 85 DB                           	TEST	EBX,EBX
   130 0000010C 0F 88 0000009B                  	JS	L27
   131 00000112 8B 4D F0                        	MOV	ECX,DWORD [-16+EBP]
   132 00000115                                 L32:
   133 00000115 8B 44 8E 10                     	MOV	EAX,DWORD [16+ESI+ECX*4]
   134 00000119 89 44 8E 14                     	MOV	DWORD [20+ESI+ECX*4],EAX
   135 0000011D 89 48 18                        	MOV	DWORD [24+EAX],ECX
   136 00000120 49                              	DEC	ECX
   137 00000121 39 D9                           	CMP	ECX,EBX
   138 00000123 7F F0                           	JG	L32
   139 00000125 89 7C 9E 14                     	MOV	DWORD [20+ESI+EBX*4],EDI
   140 00000129 43                              	INC	EBX
   141 0000012A 53                              	PUSH	EBX
   142 0000012B 8B 4F 10                        	MOV	ECX,DWORD [16+EDI]
   143 0000012E 89 C8                           	MOV	EAX,ECX
   144 00000130 03 47 08                        	ADD	EAX,DWORD [8+EDI]
   145 00000133 50                              	PUSH	EAX
   146 00000134 8B 57 0C                        	MOV	EDX,DWORD [12+EDI]
   147 00000137 89 D0                           	MOV	EAX,EDX
   148 00000139 03 47 04                        	ADD	EAX,DWORD [4+EDI]
   149 0000013C 50                              	PUSH	EAX
   150 0000013D 51                              	PUSH	ECX
   151 0000013E 52                              	PUSH	EDX
   152 0000013F 56                              	PUSH	ESI
   153 00000140 E8 00000299                     	CALL	_sheet_refreshmap
   154 00000145 FF 75 F0                        	PUSH	DWORD [-16+EBP]
   155 00000148 53                              	PUSH	EBX
   156 00000149 8B 4F 10                        	MOV	ECX,DWORD [16+EDI]
   157 0000014C 89 C8                           	MOV	EAX,ECX
   158 0000014E 03 47 08                        	ADD	EAX,DWORD [8+EDI]
   159 00000151 50                              	PUSH	EAX
   160 00000152 8B 57 0C                        	MOV	EDX,DWORD [12+EDI]
   161 00000155 89 D0                           	MOV	EAX,EDX
   162 00000157 03 47 04                        	ADD	EAX,DWORD [4+EDI]
   163 0000015A 50                              	PUSH	EAX
   164 0000015B 51                              	PUSH	ECX
   165 0000015C 52                              	PUSH	EDX
   166 0000015D 56                              	PUSH	ESI
   167 0000015E E8 000000DA                     	CALL	_sheet_refreshsub
   168 00000163 83 C4 34                        	ADD	ESP,52
   169 00000166                                 L33:
   170 00000166 6A 00                           	PUSH	0
   171 00000168 8B 47 04                        	MOV	EAX,DWORD [4+EDI]
   172 0000016B 8B 4F 10                        	MOV	ECX,DWORD [16+EDI]
   173 0000016E 8D 14 08                        	LEA	EDX,DWORD [EAX+ECX*1]
   174 00000171 52                              	PUSH	EDX
   175 00000172 8B 57 0C                        	MOV	EDX,DWORD [12+EDI]
   176 00000175 8D 04 10                        	LEA	EAX,DWORD [EAX+EDX*1]
   177 00000178 50                              	PUSH	EAX
   178 00000179 51                              	PUSH	ECX
   179 0000017A 52                              	PUSH	EDX
   180 0000017B 56                              	PUSH	ESI
   181 0000017C E8 0000025D                     	CALL	_sheet_refreshmap
   182 00000181 8B 45 F0                        	MOV	EAX,DWORD [-16+EBP]
   183 00000184 48                              	DEC	EAX
   184 00000185 50                              	PUSH	EAX
   185 00000186 6A 00                           	PUSH	0
   186 00000188                                 L61:
   187 00000188 8B 4F 10                        	MOV	ECX,DWORD [16+EDI]
   188 0000018B 89 C8                           	MOV	EAX,ECX
   189 0000018D 03 47 08                        	ADD	EAX,DWORD [8+EDI]
   190 00000190 50                              	PUSH	EAX
   191 00000191 8B 57 0C                        	MOV	EDX,DWORD [12+EDI]
   192 00000194 89 D0                           	MOV	EAX,EDX
   193 00000196 03 47 04                        	ADD	EAX,DWORD [4+EDI]
   194 00000199 50                              	PUSH	EAX
   195 0000019A 51                              	PUSH	ECX
   196 0000019B 52                              	PUSH	EDX
   197 0000019C 56                              	PUSH	ESI
   198 0000019D E8 0000009B                     	CALL	_sheet_refreshsub
   199 000001A2 83 C4 34                        	ADD	ESP,52
   200 000001A5                                 L23:
   201 000001A5 8D 65 F4                        	LEA	ESP,DWORD [-12+EBP]
   202 000001A8 5B                              	POP	EBX
   203 000001A9 5E                              	POP	ESI
   204 000001AA 5F                              	POP	EDI
   205 000001AB 5D                              	POP	EBP
   206 000001AC C3                              	RET
   207 000001AD                                 L27:
   208 000001AD 8B 46 10                        	MOV	EAX,DWORD [16+ESI]
   209 000001B0 3B 45 F0                        	CMP	EAX,DWORD [-16+EBP]
   210 000001B3 7E 18                           	JLE	L34
   211 000001B5 8B 4D F0                        	MOV	ECX,DWORD [-16+EBP]
   212 000001B8 39 C1                           	CMP	ECX,EAX
   213 000001BA 7D 11                           	JGE	L34
   214 000001BC                                 L39:
   215 000001BC 8B 44 8E 18                     	MOV	EAX,DWORD [24+ESI+ECX*4]
   216 000001C0 89 44 8E 14                     	MOV	DWORD [20+ESI+ECX*4],EAX
   217 000001C4 89 48 18                        	MOV	DWORD [24+EAX],ECX
   218 000001C7 41                              	INC	ECX
   219 000001C8 3B 4E 10                        	CMP	ECX,DWORD [16+ESI]
   220 000001CB 7C EF                           	JL	L39
   221 000001CD                                 L34:
   222 000001CD FF 4E 10                        	DEC	DWORD [16+ESI]
   223 000001D0 EB 94                           	JMP	L33
   224 000001D2                                 L26:
   225 000001D2 39 5D F0                        	CMP	DWORD [-16+EBP],EBX
   226 000001D5 7D CE                           	JGE	L23
   227 000001D7 83 7D F0 00                     	CMP	DWORD [-16+EBP],0
   228 000001DB 78 3D                           	JS	L42
   229 000001DD 8B 4D F0                        	MOV	ECX,DWORD [-16+EBP]
   230 000001E0 39 D9                           	CMP	ECX,EBX
   231 000001E2 7D 10                           	JGE	L58
   232 000001E4                                 L47:
   233 000001E4 8B 44 8E 18                     	MOV	EAX,DWORD [24+ESI+ECX*4]
   234 000001E8 89 44 8E 14                     	MOV	DWORD [20+ESI+ECX*4],EAX
   235 000001EC 89 48 18                        	MOV	DWORD [24+EAX],ECX
   236 000001EF 41                              	INC	ECX
   237 000001F0 39 D9                           	CMP	ECX,EBX
   238 000001F2 7C F0                           	JL	L47
   239 000001F4                                 L58:
   240 000001F4 89 7C 9E 14                     	MOV	DWORD [20+ESI+EBX*4],EDI
   241 000001F8                                 L48:
   242 000001F8 53                              	PUSH	EBX
   243 000001F9 8B 4F 10                        	MOV	ECX,DWORD [16+EDI]
   244 000001FC 89 C8                           	MOV	EAX,ECX
   245 000001FE 03 47 08                        	ADD	EAX,DWORD [8+EDI]
   246 00000201 50                              	PUSH	EAX
   247 00000202 8B 57 0C                        	MOV	EDX,DWORD [12+EDI]
   248 00000205 89 D0                           	MOV	EAX,EDX
   249 00000207 03 47 04                        	ADD	EAX,DWORD [4+EDI]
   250 0000020A 50                              	PUSH	EAX
   251 0000020B 51                              	PUSH	ECX
   252 0000020C 52                              	PUSH	EDX
   253 0000020D 56                              	PUSH	ESI
   254 0000020E E8 000001CB                     	CALL	_sheet_refreshmap
   255 00000213 53                              	PUSH	EBX
   256 00000214 53                              	PUSH	EBX
   257 00000215 E9 FFFFFF6E                     	JMP	L61
   258 0000021A                                 L42:
   259 0000021A 8B 4E 10                        	MOV	ECX,DWORD [16+ESI]
   260 0000021D 39 D9                           	CMP	ECX,EBX
   261 0000021F 7C 13                           	JL	L60
   262 00000221                                 L53:
   263 00000221 8B 54 8E 14                     	MOV	EDX,DWORD [20+ESI+ECX*4]
   264 00000225 8D 41 01                        	LEA	EAX,DWORD [1+ECX]
   265 00000228 89 54 8E 18                     	MOV	DWORD [24+ESI+ECX*4],EDX
   266 0000022C 49                              	DEC	ECX
   267 0000022D 89 42 18                        	MOV	DWORD [24+EDX],EAX
   268 00000230 39 D9                           	CMP	ECX,EBX
   269 00000232 7D ED                           	JGE	L53
   270 00000234                                 L60:
   271 00000234 89 7C 9E 14                     	MOV	DWORD [20+ESI+EBX*4],EDI
   272 00000238 FF 46 10                        	INC	DWORD [16+ESI]
   273 0000023B EB BB                           	JMP	L48
   274 0000023D                                 	GLOBAL	_sheet_refreshsub
   275 0000023D                                 _sheet_refreshsub:
   276 0000023D 55                              	PUSH	EBP
   277 0000023E 89 E5                           	MOV	EBP,ESP
   278 00000240 57                              	PUSH	EDI
   279 00000241 56                              	PUSH	ESI
   280 00000242 53                              	PUSH	EBX
   281 00000243 83 EC 2C                        	SUB	ESP,44
   282 00000246 8B 45 08                        	MOV	EAX,DWORD [8+EBP]
   283 00000249 8B 55 08                        	MOV	EDX,DWORD [8+EBP]
   284 0000024C 83 7D 0C 00                     	CMP	DWORD [12+EBP],0
   285 00000250 8B 00                           	MOV	EAX,DWORD [EAX]
   286 00000252 8B 52 04                        	MOV	EDX,DWORD [4+EDX]
   287 00000255 89 45 DC                        	MOV	DWORD [-36+EBP],EAX
   288 00000258 89 55 D8                        	MOV	DWORD [-40+EBP],EDX
   289 0000025B 0F 88 00000137                  	JS	L93
   290 00000261                                 L63:
   291 00000261 83 7D 10 00                     	CMP	DWORD [16+EBP],0
   292 00000265 0F 88 00000121                  	JS	L94
   293 0000026B                                 L64:
   294 0000026B 8B 75 08                        	MOV	ESI,DWORD [8+EBP]
   295 0000026E 8B 46 08                        	MOV	EAX,DWORD [8+ESI]
   296 00000271 39 45 14                        	CMP	DWORD [20+EBP],EAX
   297 00000274 7E 03                           	JLE	L65
   298 00000276 89 45 14                        	MOV	DWORD [20+EBP],EAX
   299 00000279                                 L65:
   300 00000279 8B 7D 08                        	MOV	EDI,DWORD [8+EBP]
   301 0000027C 8B 47 0C                        	MOV	EAX,DWORD [12+EDI]
   302 0000027F 39 45 18                        	CMP	DWORD [24+EBP],EAX
   303 00000282 7E 03                           	JLE	L66
   304 00000284 89 45 18                        	MOV	DWORD [24+EBP],EAX
   305 00000287                                 L66:
   306 00000287 8B 55 08                        	MOV	EDX,DWORD [8+EBP]
   307 0000028A 8B 45 1C                        	MOV	EAX,DWORD [28+EBP]
   308 0000028D 89 45 F0                        	MOV	DWORD [-16+EBP],EAX
   309 00000290 3B 42 10                        	CMP	EAX,DWORD [16+EDX]
   310 00000293 0F 8F 000000BF                  	JG	L88
   311 00000299                                 L86:
   312 00000299 8B 7D 08                        	MOV	EDI,DWORD [8+EBP]
   313 0000029C 8B 75 F0                        	MOV	ESI,DWORD [-16+EBP]
   314 0000029F 8B 4D 10                        	MOV	ECX,DWORD [16+EBP]
   315 000002A2 8B 5C B7 14                     	MOV	EBX,DWORD [20+EDI+ESI*4]
   316 000002A6 8B 75 14                        	MOV	ESI,DWORD [20+EBP]
   317 000002A9 8B 03                           	MOV	EAX,DWORD [EBX]
   318 000002AB 8B 53 10                        	MOV	EDX,DWORD [16+EBX]
   319 000002AE 89 45 E0                        	MOV	DWORD [-32+EBP],EAX
   320 000002B1 29 D1                           	SUB	ECX,EDX
   321 000002B3 89 D8                           	MOV	EAX,EBX
   322 000002B5 29 F8                           	SUB	EAX,EDI
   323 000002B7 8B 7D 18                        	MOV	EDI,DWORD [24+EBP]
   324 000002BA 2D 00000414                     	SUB	EAX,1044
   325 000002BF 29 D7                           	SUB	EDI,EDX
   326 000002C1 C1 F8 02                        	SAR	EAX,2
   327 000002C4 8B 55 0C                        	MOV	EDX,DWORD [12+EBP]
   328 000002C7 69 C0 38E38E39                  	IMUL	EAX,EAX,954437177
   329 000002CD 88 45 D7                        	MOV	BYTE [-41+EBP],AL
   330 000002D0 89 7D C8                        	MOV	DWORD [-56+EBP],EDI
   331 000002D3 8B 43 0C                        	MOV	EAX,DWORD [12+EBX]
   332 000002D6 29 C6                           	SUB	ESI,EAX
   333 000002D8 29 C2                           	SUB	EDX,EAX
   334 000002DA 89 75 E4                        	MOV	DWORD [-28+EBP],ESI
   335 000002DD 89 55 E8                        	MOV	DWORD [-24+EBP],EDX
   336 000002E0 0F 88 0000009A                  	JS	L95
   337 000002E6                                 L71:
   338 000002E6 85 C9                           	TEST	ECX,ECX
   339 000002E8 0F 88 0000008B                  	JS	L96
   340 000002EE                                 L72:
   341 000002EE 8B 43 04                        	MOV	EAX,DWORD [4+EBX]
   342 000002F1 39 45 E4                        	CMP	DWORD [-28+EBP],EAX
   343 000002F4 7E 03                           	JLE	L73
   344 000002F6 89 45 E4                        	MOV	DWORD [-28+EBP],EAX
   345 000002F9                                 L73:
   346 000002F9 8B 43 08                        	MOV	EAX,DWORD [8+EBX]
   347 000002FC 39 45 C8                        	CMP	DWORD [-56+EBP],EAX
   348 000002FF 7E 03                           	JLE	L74
   349 00000301 89 45 C8                        	MOV	DWORD [-56+EBP],EAX
   350 00000304                                 L74:
   351 00000304 89 CE                           	MOV	ESI,ECX
   352 00000306 3B 4D C8                        	CMP	ECX,DWORD [-56+EBP]
   353 00000309 7D 3B                           	JGE	L90
   354 0000030B                                 L85:
   355 0000030B 8B 7B 10                        	MOV	EDI,DWORD [16+EBX]
   356 0000030E 8B 4D E8                        	MOV	ECX,DWORD [-24+EBP]
   357 00000311 01 F7                           	ADD	EDI,ESI
   358 00000313 3B 4D E4                        	CMP	ECX,DWORD [-28+EBP]
   359 00000316 89 7D EC                        	MOV	DWORD [-20+EBP],EDI
   360 00000319 7D 25                           	JGE	L92
   361 0000031B                                 L84:
   362 0000031B 8B 55 08                        	MOV	EDX,DWORD [8+EBP]
   363 0000031E 8B 7D EC                        	MOV	EDI,DWORD [-20+EBP]
   364 00000321 8B 43 0C                        	MOV	EAX,DWORD [12+EBX]
   365 00000324 0F AF 7A 08                     	IMUL	EDI,DWORD [8+EDX]
   366 00000328 01 C8                           	ADD	EAX,ECX
   367 0000032A 8A 55 D7                        	MOV	DL,BYTE [-41+EBP]
   368 0000032D 01 F8                           	ADD	EAX,EDI
   369 0000032F 8B 7D D8                        	MOV	EDI,DWORD [-40+EBP]
   370 00000332 89 45 CC                        	MOV	DWORD [-52+EBP],EAX
   371 00000335 38 14 38                        	CMP	BYTE [EAX+EDI*1],DL
   372 00000338 74 26                           	JE	L97
   373 0000033A                                 L81:
   374 0000033A 41                              	INC	ECX
   375 0000033B 3B 4D E4                        	CMP	ECX,DWORD [-28+EBP]
   376 0000033E 7C DB                           	JL	L84
   377 00000340                                 L92:
   378 00000340 46                              	INC	ESI
   379 00000341 3B 75 C8                        	CMP	ESI,DWORD [-56+EBP]
   380 00000344 7C C5                           	JL	L85
   381 00000346                                 L90:
   382 00000346 8B 7D 08                        	MOV	EDI,DWORD [8+EBP]
   383 00000349 FF 45 F0                        	INC	DWORD [-16+EBP]
   384 0000034C 8B 75 F0                        	MOV	ESI,DWORD [-16+EBP]
   385 0000034F 3B 77 10                        	CMP	ESI,DWORD [16+EDI]
   386 00000352 0F 8E FFFFFF41                  	JLE	L86
   387 00000358                                 L88:
   388 00000358 83 C4 2C                        	ADD	ESP,44
   389 0000035B 5B                              	POP	EBX
   390 0000035C 5E                              	POP	ESI
   391 0000035D 5F                              	POP	EDI
   392 0000035E 5D                              	POP	EBP
   393 0000035F C3                              	RET
   394 00000360                                 L97:
   395 00000360 89 F0                           	MOV	EAX,ESI
   396 00000362 8B 55 E0                        	MOV	EDX,DWORD [-32+EBP]
   397 00000365 0F AF 43 04                     	IMUL	EAX,DWORD [4+EBX]
   398 00000369 01 C8                           	ADD	EAX,ECX
   399 0000036B 8B 7D DC                        	MOV	EDI,DWORD [-36+EBP]
   400 0000036E 8A 04 10                        	MOV	AL,BYTE [EAX+EDX*1]
   401 00000371 8B 55 CC                        	MOV	EDX,DWORD [-52+EBP]
   402 00000374 88 04 3A                        	MOV	BYTE [EDX+EDI*1],AL
   403 00000377 EB C1                           	JMP	L81
   404 00000379                                 L96:
   405 00000379 31 C9                           	XOR	ECX,ECX
   406 0000037B E9 FFFFFF6E                     	JMP	L72
   407 00000380                                 L95:
   408 00000380 C7 45 E8 00000000               	MOV	DWORD [-24+EBP],0
   409 00000387 E9 FFFFFF5A                     	JMP	L71
   410 0000038C                                 L94:
   411 0000038C C7 45 10 00000000               	MOV	DWORD [16+EBP],0
   412 00000393 E9 FFFFFED3                     	JMP	L64
   413 00000398                                 L93:
   414 00000398 C7 45 0C 00000000               	MOV	DWORD [12+EBP],0
   415 0000039F E9 FFFFFEBD                     	JMP	L63
   416 000003A4                                 	GLOBAL	_sheet_refresh
   417 000003A4                                 _sheet_refresh:
   418 000003A4 55                              	PUSH	EBP
   419 000003A5 89 E5                           	MOV	EBP,ESP
   420 000003A7 53                              	PUSH	EBX
   421 000003A8 8B 5D 08                        	MOV	EBX,DWORD [8+EBP]
   422 000003AB 8B 43 18                        	MOV	EAX,DWORD [24+EBX]
   423 000003AE 85 C0                           	TEST	EAX,EAX
   424 000003B0 78 27                           	JS	L98
   425 000003B2 50                              	PUSH	EAX
   426 000003B3 50                              	PUSH	EAX
   427 000003B4 8B 4B 10                        	MOV	ECX,DWORD [16+EBX]
   428 000003B7 89 C8                           	MOV	EAX,ECX
   429 000003B9 03 4D 10                        	ADD	ECX,DWORD [16+EBP]
   430 000003BC 03 45 18                        	ADD	EAX,DWORD [24+EBP]
   431 000003BF 50                              	PUSH	EAX
   432 000003C0 8B 53 0C                        	MOV	EDX,DWORD [12+EBX]
   433 000003C3 89 D0                           	MOV	EAX,EDX
   434 000003C5 03 55 0C                        	ADD	EDX,DWORD [12+EBP]
   435 000003C8 03 45 14                        	ADD	EAX,DWORD [20+EBP]
   436 000003CB 50                              	PUSH	EAX
   437 000003CC 51                              	PUSH	ECX
   438 000003CD 52                              	PUSH	EDX
   439 000003CE FF 73 20                        	PUSH	DWORD [32+EBX]
   440 000003D1 E8 FFFFFE67                     	CALL	_sheet_refreshsub
   441 000003D6 83 C4 1C                        	ADD	ESP,28
   442 000003D9                                 L98:
   443 000003D9 8B 5D FC                        	MOV	EBX,DWORD [-4+EBP]
   444 000003DC C9                              	LEAVE
   445 000003DD C3                              	RET
   446 000003DE                                 	GLOBAL	_sheet_refreshmap
   447 000003DE                                 _sheet_refreshmap:
   448 000003DE 55                              	PUSH	EBP
   449 000003DF 89 E5                           	MOV	EBP,ESP
   450 000003E1 57                              	PUSH	EDI
   451 000003E2 56                              	PUSH	ESI
   452 000003E3 53                              	PUSH	EBX
   453 000003E4 83 EC 28                        	SUB	ESP,40
   454 000003E7 8B 45 08                        	MOV	EAX,DWORD [8+EBP]
   455 000003EA 83 7D 0C 00                     	CMP	DWORD [12+EBP],0
   456 000003EE 8B 40 04                        	MOV	EAX,DWORD [4+EAX]
   457 000003F1 89 45 D8                        	MOV	DWORD [-40+EBP],EAX
   458 000003F4 0F 88 00000135                  	JS	L131
   459 000003FA                                 L101:
   460 000003FA 83 7D 10 00                     	CMP	DWORD [16+EBP],0
   461 000003FE 0F 88 0000011F                  	JS	L132
   462 00000404                                 L102:
   463 00000404 8B 55 08                        	MOV	EDX,DWORD [8+EBP]
   464 00000407 8B 42 08                        	MOV	EAX,DWORD [8+EDX]
   465 0000040A 39 45 14                        	CMP	DWORD [20+EBP],EAX
   466 0000040D 7E 03                           	JLE	L103
   467 0000040F 89 45 14                        	MOV	DWORD [20+EBP],EAX
   468 00000412                                 L103:
   469 00000412 8B 75 08                        	MOV	ESI,DWORD [8+EBP]
   470 00000415 8B 46 0C                        	MOV	EAX,DWORD [12+ESI]
   471 00000418 39 45 18                        	CMP	DWORD [24+EBP],EAX
   472 0000041B 7E 03                           	JLE	L104
   473 0000041D 89 45 18                        	MOV	DWORD [24+EBP],EAX
   474 00000420                                 L104:
   475 00000420 8B 45 08                        	MOV	EAX,DWORD [8+EBP]
   476 00000423 8B 7D 1C                        	MOV	EDI,DWORD [28+EBP]
   477 00000426 89 7D F0                        	MOV	DWORD [-16+EBP],EDI
   478 00000429 3B 78 10                        	CMP	EDI,DWORD [16+EAX]
   479 0000042C 0F 8F 000000D6                  	JG	L126
   480 00000432                                 L124:
   481 00000432 8B 75 08                        	MOV	ESI,DWORD [8+EBP]
   482 00000435 8B 55 F0                        	MOV	EDX,DWORD [-16+EBP]
   483 00000438 8B 5D 10                        	MOV	EBX,DWORD [16+EBP]
   484 0000043B 8B 4C 96 14                     	MOV	ECX,DWORD [20+ESI+EDX*4]
   485 0000043F 89 C8                           	MOV	EAX,ECX
   486 00000441 29 F0                           	SUB	EAX,ESI
   487 00000443 8B 39                           	MOV	EDI,DWORD [ECX]
   488 00000445 2D 00000414                     	SUB	EAX,1044
   489 0000044A 8B 51 10                        	MOV	EDX,DWORD [16+ECX]
   490 0000044D C1 F8 02                        	SAR	EAX,2
   491 00000450 89 7D E0                        	MOV	DWORD [-32+EBP],EDI
   492 00000453 69 C0 38E38E39                  	IMUL	EAX,EAX,954437177
   493 00000459 8B 7D 18                        	MOV	EDI,DWORD [24+EBP]
   494 0000045C 29 D3                           	SUB	EBX,EDX
   495 0000045E 29 D7                           	SUB	EDI,EDX
   496 00000460 88 45 DF                        	MOV	BYTE [-33+EBP],AL
   497 00000463 8B 75 14                        	MOV	ESI,DWORD [20+EBP]
   498 00000466 8B 55 0C                        	MOV	EDX,DWORD [12+EBP]
   499 00000469 8B 41 0C                        	MOV	EAX,DWORD [12+ECX]
   500 0000046C 89 7D D4                        	MOV	DWORD [-44+EBP],EDI
   501 0000046F 29 C6                           	SUB	ESI,EAX
   502 00000471 29 C2                           	SUB	EDX,EAX
   503 00000473 89 75 CC                        	MOV	DWORD [-52+EBP],ESI
   504 00000476 89 55 E4                        	MOV	DWORD [-28+EBP],EDX
   505 00000479 0F 88 00000098                  	JS	L133
   506 0000047F                                 L109:
   507 0000047F 85 DB                           	TEST	EBX,EBX
   508 00000481 0F 88 00000089                  	JS	L134
   509 00000487                                 L110:
   510 00000487 8B 41 04                        	MOV	EAX,DWORD [4+ECX]
   511 0000048A 39 45 CC                        	CMP	DWORD [-52+EBP],EAX
   512 0000048D 7E 03                           	JLE	L111
   513 0000048F 89 45 CC                        	MOV	DWORD [-52+EBP],EAX
   514 00000492                                 L111:
   515 00000492 8B 41 08                        	MOV	EAX,DWORD [8+ECX]
   516 00000495 39 45 D4                        	CMP	DWORD [-44+EBP],EAX
   517 00000498 7E 03                           	JLE	L112
   518 0000049A 89 45 D4                        	MOV	DWORD [-44+EBP],EAX
   519 0000049D                                 L112:
   520 0000049D 3B 5D D4                        	CMP	EBX,DWORD [-44+EBP]
   521 000004A0 7D 54                           	JGE	L128
   522 000004A2                                 L123:
   523 000004A2 8B 71 10                        	MOV	ESI,DWORD [16+ECX]
   524 000004A5 8B 55 E4                        	MOV	EDX,DWORD [-28+EBP]
   525 000004A8 01 DE                           	ADD	ESI,EBX
   526 000004AA 3B 55 CC                        	CMP	EDX,DWORD [-52+EBP]
   527 000004AD 89 75 E8                        	MOV	DWORD [-24+EBP],ESI
   528 000004B0 7D 3E                           	JGE	L130
   529 000004B2                                 L122:
   530 000004B2 89 D8                           	MOV	EAX,EBX
   531 000004B4 8B 79 0C                        	MOV	EDI,DWORD [12+ECX]
   532 000004B7 0F AF 41 04                     	IMUL	EAX,DWORD [4+ECX]
   533 000004BB 01 D7                           	ADD	EDI,EDX
   534 000004BD 8B 75 E0                        	MOV	ESI,DWORD [-32+EBP]
   535 000004C0 01 D0                           	ADD	EAX,EDX
   536 000004C2 89 7D EC                        	MOV	DWORD [-20+EBP],EDI
   537 000004C5 0F B6 34 30                     	MOVZX	ESI,BYTE [EAX+ESI*1]
   538 000004C9 3B 71 14                        	CMP	ESI,DWORD [20+ECX]
   539 000004CC 74 1C                           	JE	L119
   540 000004CE 8B 7D 08                        	MOV	EDI,DWORD [8+EBP]
   541 000004D1 8B 45 E8                        	MOV	EAX,DWORD [-24+EBP]
   542 000004D4 8B 75 D8                        	MOV	ESI,DWORD [-40+EBP]
   543 000004D7 0F AF 47 08                     	IMUL	EAX,DWORD [8+EDI]
   544 000004DB 03 45 EC                        	ADD	EAX,DWORD [-20+EBP]
   545 000004DE 89 45 D0                        	MOV	DWORD [-48+EBP],EAX
   546 000004E1 8A 45 DF                        	MOV	AL,BYTE [-33+EBP]
   547 000004E4 8B 7D D0                        	MOV	EDI,DWORD [-48+EBP]
   548 000004E7 88 04 37                        	MOV	BYTE [EDI+ESI*1],AL
   549 000004EA                                 L119:
   550 000004EA 42                              	INC	EDX
   551 000004EB 3B 55 CC                        	CMP	EDX,DWORD [-52+EBP]
   552 000004EE 7C C2                           	JL	L122
   553 000004F0                                 L130:
   554 000004F0 43                              	INC	EBX
   555 000004F1 3B 5D D4                        	CMP	EBX,DWORD [-44+EBP]
   556 000004F4 7C AC                           	JL	L123
   557 000004F6                                 L128:
   558 000004F6 8B 55 08                        	MOV	EDX,DWORD [8+EBP]
   559 000004F9 FF 45 F0                        	INC	DWORD [-16+EBP]
   560 000004FC 8B 45 F0                        	MOV	EAX,DWORD [-16+EBP]
   561 000004FF 3B 42 10                        	CMP	EAX,DWORD [16+EDX]
   562 00000502 0F 8E FFFFFF2A                  	JLE	L124
   563 00000508                                 L126:
   564 00000508 83 C4 28                        	ADD	ESP,40
   565 0000050B 5B                              	POP	EBX
   566 0000050C 5E                              	POP	ESI
   567 0000050D 5F                              	POP	EDI
   568 0000050E 5D                              	POP	EBP
   569 0000050F C3                              	RET
   570 00000510                                 L134:
   571 00000510 31 DB                           	XOR	EBX,EBX
   572 00000512 E9 FFFFFF70                     	JMP	L110
   573 00000517                                 L133:
   574 00000517 C7 45 E4 00000000               	MOV	DWORD [-28+EBP],0
   575 0000051E E9 FFFFFF5C                     	JMP	L109
   576 00000523                                 L132:
   577 00000523 C7 45 10 00000000               	MOV	DWORD [16+EBP],0
   578 0000052A E9 FFFFFED5                     	JMP	L102
   579 0000052F                                 L131:
   580 0000052F C7 45 0C 00000000               	MOV	DWORD [12+EBP],0
   581 00000536 E9 FFFFFEBF                     	JMP	L101
   582 0000053B                                 	GLOBAL	_sheet_slide
   583 0000053B                                 _sheet_slide:
   584 0000053B 55                              	PUSH	EBP
   585 0000053C 89 E5                           	MOV	EBP,ESP
   586 0000053E 57                              	PUSH	EDI
   587 0000053F 56                              	PUSH	ESI
   588 00000540 53                              	PUSH	EBX
   589 00000541 53                              	PUSH	EBX
   590 00000542 8B 5D 08                        	MOV	EBX,DWORD [8+EBP]
   591 00000545 8B 43 20                        	MOV	EAX,DWORD [32+EBX]
   592 00000548 8B 7B 0C                        	MOV	EDI,DWORD [12+EBX]
   593 0000054B 89 45 F0                        	MOV	DWORD [-16+EBP],EAX
   594 0000054E 8B 73 10                        	MOV	ESI,DWORD [16+EBX]
   595 00000551 8B 45 0C                        	MOV	EAX,DWORD [12+EBP]
   596 00000554 89 43 0C                        	MOV	DWORD [12+EBX],EAX
   597 00000557 8B 45 10                        	MOV	EAX,DWORD [16+EBP]
   598 0000055A 89 43 10                        	MOV	DWORD [16+EBX],EAX
   599 0000055D 83 7B 18 00                     	CMP	DWORD [24+EBX],0
   600 00000561 78 7C                           	JS	L135
   601 00000563 6A 00                           	PUSH	0
   602 00000565 89 F0                           	MOV	EAX,ESI
   603 00000567 03 43 08                        	ADD	EAX,DWORD [8+EBX]
   604 0000056A 50                              	PUSH	EAX
   605 0000056B 89 F8                           	MOV	EAX,EDI
   606 0000056D 03 43 04                        	ADD	EAX,DWORD [4+EBX]
   607 00000570 50                              	PUSH	EAX
   608 00000571 56                              	PUSH	ESI
   609 00000572 57                              	PUSH	EDI
   610 00000573 FF 75 F0                        	PUSH	DWORD [-16+EBP]
   611 00000576 E8 FFFFFE63                     	CALL	_sheet_refreshmap
   612 0000057B 8B 45 10                        	MOV	EAX,DWORD [16+EBP]
   613 0000057E FF 73 18                        	PUSH	DWORD [24+EBX]
   614 00000581 03 43 08                        	ADD	EAX,DWORD [8+EBX]
   615 00000584 50                              	PUSH	EAX
   616 00000585 8B 45 0C                        	MOV	EAX,DWORD [12+EBP]
   617 00000588 03 43 04                        	ADD	EAX,DWORD [4+EBX]
   618 0000058B 50                              	PUSH	EAX
   619 0000058C FF 75 10                        	PUSH	DWORD [16+EBP]
   620 0000058F FF 75 0C                        	PUSH	DWORD [12+EBP]
   621 00000592 FF 75 F0                        	PUSH	DWORD [-16+EBP]
   622 00000595 E8 FFFFFE44                     	CALL	_sheet_refreshmap
   623 0000059A 8B 43 18                        	MOV	EAX,DWORD [24+EBX]
   624 0000059D 83 C4 30                        	ADD	ESP,48
   625 000005A0 48                              	DEC	EAX
   626 000005A1 50                              	PUSH	EAX
   627 000005A2 89 F0                           	MOV	EAX,ESI
   628 000005A4 6A 00                           	PUSH	0
   629 000005A6 03 43 08                        	ADD	EAX,DWORD [8+EBX]
   630 000005A9 50                              	PUSH	EAX
   631 000005AA 89 F8                           	MOV	EAX,EDI
   632 000005AC 03 43 04                        	ADD	EAX,DWORD [4+EBX]
   633 000005AF 50                              	PUSH	EAX
   634 000005B0 56                              	PUSH	ESI
   635 000005B1 57                              	PUSH	EDI
   636 000005B2 FF 75 F0                        	PUSH	DWORD [-16+EBP]
   637 000005B5 E8 FFFFFC83                     	CALL	_sheet_refreshsub
   638 000005BA 8B 45 10                        	MOV	EAX,DWORD [16+EBP]
   639 000005BD FF 73 18                        	PUSH	DWORD [24+EBX]
   640 000005C0 FF 73 18                        	PUSH	DWORD [24+EBX]
   641 000005C3 03 43 08                        	ADD	EAX,DWORD [8+EBX]
   642 000005C6 50                              	PUSH	EAX
   643 000005C7 8B 45 0C                        	MOV	EAX,DWORD [12+EBP]
   644 000005CA 03 43 04                        	ADD	EAX,DWORD [4+EBX]
   645 000005CD 50                              	PUSH	EAX
   646 000005CE FF 75 10                        	PUSH	DWORD [16+EBP]
   647 000005D1 FF 75 0C                        	PUSH	DWORD [12+EBP]
   648 000005D4 FF 75 F0                        	PUSH	DWORD [-16+EBP]
   649 000005D7 E8 FFFFFC61                     	CALL	_sheet_refreshsub
   650 000005DC 83 C4 38                        	ADD	ESP,56
   651 000005DF                                 L135:
   652 000005DF 8D 65 F4                        	LEA	ESP,DWORD [-12+EBP]
   653 000005E2 5B                              	POP	EBX
   654 000005E3 5E                              	POP	ESI
   655 000005E4 5F                              	POP	EDI
   656 000005E5 5D                              	POP	EBP
   657 000005E6 C3                              	RET
   658 000005E7                                 	GLOBAL	_sheet_free
   659 000005E7                                 _sheet_free:
   660 000005E7 55                              	PUSH	EBP
   661 000005E8 89 E5                           	MOV	EBP,ESP
   662 000005EA 53                              	PUSH	EBX
   663 000005EB 8B 5D 08                        	MOV	EBX,DWORD [8+EBP]
   664 000005EE 83 7B 18 00                     	CMP	DWORD [24+EBX],0
   665 000005F2 78 0A                           	JS	L138
   666 000005F4 6A FF                           	PUSH	-1
   667 000005F6 53                              	PUSH	EBX
   668 000005F7 E8 FFFFFADA                     	CALL	_sheet_updown
   669 000005FC 58                              	POP	EAX
   670 000005FD 5A                              	POP	EDX
   671 000005FE                                 L138:
   672 000005FE C7 43 1C 00000000               	MOV	DWORD [28+EBX],0
   673 00000605 8B 5D FC                        	MOV	EBX,DWORD [-4+EBP]
   674 00000608 C9                              	LEAVE
   675 00000609 C3                              	RET
