     1 00000000                                 [FORMAT "WCOFF"]
     2 00000000                                 [INSTRSET "i486p"]
     3 00000000                                 [OPTIMIZE 1]
     4 00000000                                 [OPTION 1]
     5 00000000                                 [BITS 32]
     6 00000000                                 	EXTERN	_boxfill8
     7 00000000                                 	EXTERN	_putfonts8_asc
     8 00000000                                 	EXTERN	_sheet_refresh
     9 00000000                                 	EXTERN	_init_gdtidt
    10 00000000                                 	EXTERN	_init_pic
    11 00000000                                 	EXTERN	_io_sti
    12 00000000                                 	EXTERN	_fifo32_init
    13 00000000                                 	EXTERN	_init_pit
    14 00000000                                 	EXTERN	_init_keyboard
    15 00000000                                 	EXTERN	_enable_mouse
    16 00000000                                 	EXTERN	_io_out8
    17 00000000                                 	EXTERN	_memtest
    18 00000000                                 	EXTERN	_memman_init
    19 00000000                                 	EXTERN	_memman_free
    20 00000000                                 	EXTERN	_init_palette
    21 00000000                                 	EXTERN	_shtctl_init
    22 00000000                                 	EXTERN	_task_init
    23 00000000                                 	EXTERN	_task_run
    24 00000000                                 	EXTERN	_sheet_alloc
    25 00000000                                 	EXTERN	_memman_alloc_4k
    26 00000000                                 	EXTERN	_sheet_setbuf
    27 00000000                                 	EXTERN	_init_screen8
    28 00000000                                 	EXTERN	_sprintf
    29 00000000                                 	EXTERN	_task_alloc
    30 00000000                                 	EXTERN	_timer_alloc
    31 00000000                                 	EXTERN	_timer_init
    32 00000000                                 	EXTERN	_timer_settime
    33 00000000                                 	EXTERN	_init_mouse_cursor8
    34 00000000                                 	EXTERN	_sheet_slide
    35 00000000                                 	EXTERN	_sheet_updown
    36 00000000                                 	EXTERN	_memman_total
    37 00000000                                 	EXTERN	_io_cli
    38 00000000                                 	EXTERN	_fifo32_status
    39 00000000                                 	EXTERN	_fifo32_get
    40 00000000                                 	EXTERN	_mouse_decode
    41 00000000                                 	EXTERN	_task_sleep
    42 00000000                                 	EXTERN	_io_stihlt
    43 00000000                                 [FILE "bootpack.c"]
    44                                          [SECTION .text]
    45 00000000                                 	GLOBAL	_putfonts8_asc_sht
    46 00000000                                 _putfonts8_asc_sht:
    47 00000000 55                              	PUSH	EBP
    48 00000001 89 E5                           	MOV	EBP,ESP
    49 00000003 57                              	PUSH	EDI
    50 00000004 56                              	PUSH	ESI
    51 00000005 53                              	PUSH	EBX
    52 00000006 83 EC 0C                        	SUB	ESP,12
    53 00000009 8B 45 08                        	MOV	EAX,DWORD [8+EBP]
    54 0000000C 8B 7D 10                        	MOV	EDI,DWORD [16+EBP]
    55 0000000F 89 45 F0                        	MOV	DWORD [-16+EBP],EAX
    56 00000012 8B 5D 14                        	MOV	EBX,DWORD [20+EBP]
    57 00000015 8B 45 0C                        	MOV	EAX,DWORD [12+EBP]
    58 00000018 89 45 EC                        	MOV	DWORD [-20+EBP],EAX
    59 0000001B 8B 45 1C                        	MOV	EAX,DWORD [28+EBP]
    60 0000001E 89 45 E8                        	MOV	DWORD [-24+EBP],EAX
    61 00000021 8D 47 0F                        	LEA	EAX,DWORD [15+EDI]
    62 00000024 50                              	PUSH	EAX
    63 00000025 8B 45 EC                        	MOV	EAX,DWORD [-20+EBP]
    64 00000028 8B 75 20                        	MOV	ESI,DWORD [32+EBP]
    65 0000002B 0F BE DB                        	MOVSX	EBX,BL
    66 0000002E 8D 34 F0                        	LEA	ESI,DWORD [EAX+ESI*8]
    67 00000031 8D 46 FF                        	LEA	EAX,DWORD [-1+ESI]
    68 00000034 50                              	PUSH	EAX
    69 00000035 57                              	PUSH	EDI
    70 00000036 FF 75 EC                        	PUSH	DWORD [-20+EBP]
    71 00000039 0F B6 45 18                     	MOVZX	EAX,BYTE [24+EBP]
    72 0000003D 50                              	PUSH	EAX
    73 0000003E 8B 45 F0                        	MOV	EAX,DWORD [-16+EBP]
    74 00000041 FF 70 04                        	PUSH	DWORD [4+EAX]
    75 00000044 FF 30                           	PUSH	DWORD [EAX]
    76 00000046 E8 [00000000]                   	CALL	_boxfill8
    77 0000004B FF 75 E8                        	PUSH	DWORD [-24+EBP]
    78 0000004E 53                              	PUSH	EBX
    79 0000004F 57                              	PUSH	EDI
    80 00000050 FF 75 EC                        	PUSH	DWORD [-20+EBP]
    81 00000053 8B 45 F0                        	MOV	EAX,DWORD [-16+EBP]
    82 00000056 FF 70 04                        	PUSH	DWORD [4+EAX]
    83 00000059 FF 30                           	PUSH	DWORD [EAX]
    84 0000005B E8 [00000000]                   	CALL	_putfonts8_asc
    85 00000060 89 7D 10                        	MOV	DWORD [16+EBP],EDI
    86 00000063 8D 47 10                        	LEA	EAX,DWORD [16+EDI]
    87 00000066 89 75 14                        	MOV	DWORD [20+EBP],ESI
    88 00000069 89 45 18                        	MOV	DWORD [24+EBP],EAX
    89 0000006C 83 C4 34                        	ADD	ESP,52
    90 0000006F 8B 45 EC                        	MOV	EAX,DWORD [-20+EBP]
    91 00000072 89 45 0C                        	MOV	DWORD [12+EBP],EAX
    92 00000075 8B 45 F0                        	MOV	EAX,DWORD [-16+EBP]
    93 00000078 89 45 08                        	MOV	DWORD [8+EBP],EAX
    94 0000007B 8D 65 F4                        	LEA	ESP,DWORD [-12+EBP]
    95 0000007E 5B                              	POP	EBX
    96 0000007F 5E                              	POP	ESI
    97 00000080 5F                              	POP	EDI
    98 00000081 5D                              	POP	EBP
    99 00000082 E9 [00000000]                   	JMP	_sheet_refresh
   100 00000087                                 	GLOBAL	_make_textbox8
   101 00000087                                 _make_textbox8:
   102 00000087 55                              	PUSH	EBP
   103 00000088 89 E5                           	MOV	EBP,ESP
   104 0000008A 57                              	PUSH	EDI
   105 0000008B 56                              	PUSH	ESI
   106 0000008C 53                              	PUSH	EBX
   107 0000008D 83 EC 14                        	SUB	ESP,20
   108 00000090 8B 45 0C                        	MOV	EAX,DWORD [12+EBP]
   109 00000093 8B 75 10                        	MOV	ESI,DWORD [16+EBP]
   110 00000096 03 45 14                        	ADD	EAX,DWORD [20+EBP]
   111 00000099 83 EE 03                        	SUB	ESI,3
   112 0000009C 56                              	PUSH	ESI
   113 0000009D 89 45 F0                        	MOV	DWORD [-16+EBP],EAX
   114 000000A0 8B 45 10                        	MOV	EAX,DWORD [16+EBP]
   115 000000A3 03 45 18                        	ADD	EAX,DWORD [24+EBP]
   116 000000A6 89 45 EC                        	MOV	DWORD [-20+EBP],EAX
   117 000000A9 8B 45 F0                        	MOV	EAX,DWORD [-16+EBP]
   118 000000AC 40                              	INC	EAX
   119 000000AD 50                              	PUSH	EAX
   120 000000AE 89 45 E8                        	MOV	DWORD [-24+EBP],EAX
   121 000000B1 8B 45 0C                        	MOV	EAX,DWORD [12+EBP]
   122 000000B4 56                              	PUSH	ESI
   123 000000B5 83 E8 02                        	SUB	EAX,2
   124 000000B8 50                              	PUSH	EAX
   125 000000B9 89 45 E4                        	MOV	DWORD [-28+EBP],EAX
   126 000000BC 8B 45 08                        	MOV	EAX,DWORD [8+EBP]
   127 000000BF 6A 0F                           	PUSH	15
   128 000000C1 FF 70 04                        	PUSH	DWORD [4+EAX]
   129 000000C4 FF 30                           	PUSH	DWORD [EAX]
   130 000000C6 E8 [00000000]                   	CALL	_boxfill8
   131 000000CB 8B 7D 0C                        	MOV	EDI,DWORD [12+EBP]
   132 000000CE 8B 45 EC                        	MOV	EAX,DWORD [-20+EBP]
   133 000000D1 83 EF 03                        	SUB	EDI,3
   134 000000D4 40                              	INC	EAX
   135 000000D5 50                              	PUSH	EAX
   136 000000D6 89 45 E0                        	MOV	DWORD [-32+EBP],EAX
   137 000000D9 57                              	PUSH	EDI
   138 000000DA 8B 45 08                        	MOV	EAX,DWORD [8+EBP]
   139 000000DD 56                              	PUSH	ESI
   140 000000DE 57                              	PUSH	EDI
   141 000000DF 6A 0F                           	PUSH	15
   142 000000E1 FF 70 04                        	PUSH	DWORD [4+EAX]
   143 000000E4 FF 30                           	PUSH	DWORD [EAX]
   144 000000E6 E8 [00000000]                   	CALL	_boxfill8
   145 000000EB 8B 45 08                        	MOV	EAX,DWORD [8+EBP]
   146 000000EE 83 C4 38                        	ADD	ESP,56
   147 000000F1 8B 5D EC                        	MOV	EBX,DWORD [-20+EBP]
   148 000000F4 83 C3 02                        	ADD	EBX,2
   149 000000F7 53                              	PUSH	EBX
   150 000000F8 FF 75 E8                        	PUSH	DWORD [-24+EBP]
   151 000000FB 53                              	PUSH	EBX
   152 000000FC 57                              	PUSH	EDI
   153 000000FD 6A 07                           	PUSH	7
   154 000000FF FF 70 04                        	PUSH	DWORD [4+EAX]
   155 00000102 FF 30                           	PUSH	DWORD [EAX]
   156 00000104 E8 [00000000]                   	CALL	_boxfill8
   157 00000109 8B 45 F0                        	MOV	EAX,DWORD [-16+EBP]
   158 0000010C 53                              	PUSH	EBX
   159 0000010D 83 C0 02                        	ADD	EAX,2
   160 00000110 50                              	PUSH	EAX
   161 00000111 56                              	PUSH	ESI
   162 00000112 50                              	PUSH	EAX
   163 00000113 8B 45 08                        	MOV	EAX,DWORD [8+EBP]
   164 00000116 6A 07                           	PUSH	7
   165 00000118 FF 70 04                        	PUSH	DWORD [4+EAX]
   166 0000011B FF 30                           	PUSH	DWORD [EAX]
   167 0000011D E8 [00000000]                   	CALL	_boxfill8
   168 00000122 8B 45 08                        	MOV	EAX,DWORD [8+EBP]
   169 00000125 83 C4 38                        	ADD	ESP,56
   170 00000128 8B 5D 10                        	MOV	EBX,DWORD [16+EBP]
   171 0000012B 83 EB 02                        	SUB	EBX,2
   172 0000012E 8B 7D 0C                        	MOV	EDI,DWORD [12+EBP]
   173 00000131 53                              	PUSH	EBX
   174 00000132 4F                              	DEC	EDI
   175 00000133 FF 75 F0                        	PUSH	DWORD [-16+EBP]
   176 00000136 53                              	PUSH	EBX
   177 00000137 57                              	PUSH	EDI
   178 00000138 6A 00                           	PUSH	0
   179 0000013A FF 70 04                        	PUSH	DWORD [4+EAX]
   180 0000013D FF 30                           	PUSH	DWORD [EAX]
   181 0000013F E8 [00000000]                   	CALL	_boxfill8
   182 00000144 8B 45 08                        	MOV	EAX,DWORD [8+EBP]
   183 00000147 FF 75 EC                        	PUSH	DWORD [-20+EBP]
   184 0000014A FF 75 E4                        	PUSH	DWORD [-28+EBP]
   185 0000014D 53                              	PUSH	EBX
   186 0000014E FF 75 E4                        	PUSH	DWORD [-28+EBP]
   187 00000151 6A 00                           	PUSH	0
   188 00000153 FF 70 04                        	PUSH	DWORD [4+EAX]
   189 00000156 FF 30                           	PUSH	DWORD [EAX]
   190 00000158 E8 [00000000]                   	CALL	_boxfill8
   191 0000015D 8B 45 08                        	MOV	EAX,DWORD [8+EBP]
   192 00000160 83 C4 38                        	ADD	ESP,56
   193 00000163 FF 75 E0                        	PUSH	DWORD [-32+EBP]
   194 00000166 FF 75 F0                        	PUSH	DWORD [-16+EBP]
   195 00000169 FF 75 E0                        	PUSH	DWORD [-32+EBP]
   196 0000016C FF 75 E4                        	PUSH	DWORD [-28+EBP]
   197 0000016F 6A 08                           	PUSH	8
   198 00000171 FF 70 04                        	PUSH	DWORD [4+EAX]
   199 00000174 FF 30                           	PUSH	DWORD [EAX]
   200 00000176 E8 [00000000]                   	CALL	_boxfill8
   201 0000017B 8B 45 08                        	MOV	EAX,DWORD [8+EBP]
   202 0000017E FF 75 E0                        	PUSH	DWORD [-32+EBP]
   203 00000181 FF 75 E8                        	PUSH	DWORD [-24+EBP]
   204 00000184 53                              	PUSH	EBX
   205 00000185 FF 75 E8                        	PUSH	DWORD [-24+EBP]
   206 00000188 6A 08                           	PUSH	8
   207 0000018A FF 70 04                        	PUSH	DWORD [4+EAX]
   208 0000018D FF 30                           	PUSH	DWORD [EAX]
   209 0000018F E8 [00000000]                   	CALL	_boxfill8
   210 00000194 8B 45 10                        	MOV	EAX,DWORD [16+EBP]
   211 00000197 83 C4 38                        	ADD	ESP,56
   212 0000019A 48                              	DEC	EAX
   213 0000019B FF 75 EC                        	PUSH	DWORD [-20+EBP]
   214 0000019E FF 75 F0                        	PUSH	DWORD [-16+EBP]
   215 000001A1 50                              	PUSH	EAX
   216 000001A2 57                              	PUSH	EDI
   217 000001A3 0F B6 45 1C                     	MOVZX	EAX,BYTE [28+EBP]
   218 000001A7 50                              	PUSH	EAX
   219 000001A8 8B 45 08                        	MOV	EAX,DWORD [8+EBP]
   220 000001AB FF 70 04                        	PUSH	DWORD [4+EAX]
   221 000001AE FF 30                           	PUSH	DWORD [EAX]
   222 000001B0 E8 [00000000]                   	CALL	_boxfill8
   223 000001B5 8D 65 F4                        	LEA	ESP,DWORD [-12+EBP]
   224 000001B8 5B                              	POP	EBX
   225 000001B9 5E                              	POP	ESI
   226 000001BA 5F                              	POP	EDI
   227 000001BB 5D                              	POP	EBP
   228 000001BC C3                              	RET
   229                                          [SECTION .data]
   230 00000000                                 _keytable.0:
   231 00000000 00                              	DB	0
   232 00000001 00                              	DB	0
   233 00000002 31                              	DB	49
   234 00000003 32                              	DB	50
   235 00000004 33                              	DB	51
   236 00000005 34                              	DB	52
   237 00000006 35                              	DB	53
   238 00000007 36                              	DB	54
   239 00000008 37                              	DB	55
   240 00000009 38                              	DB	56
   241 0000000A 39                              	DB	57
   242 0000000B 30                              	DB	48
   243 0000000C 2D                              	DB	45
   244 0000000D 5E                              	DB	94
   245 0000000E 00                              	DB	0
   246 0000000F 00                              	DB	0
   247 00000010 51                              	DB	81
   248 00000011 57                              	DB	87
   249 00000012 45                              	DB	69
   250 00000013 52                              	DB	82
   251 00000014 54                              	DB	84
   252 00000015 59                              	DB	89
   253 00000016 55                              	DB	85
   254 00000017 49                              	DB	73
   255 00000018 4F                              	DB	79
   256 00000019 50                              	DB	80
   257 0000001A 40                              	DB	64
   258 0000001B 5B                              	DB	91
   259 0000001C 00                              	DB	0
   260 0000001D 00                              	DB	0
   261 0000001E 41                              	DB	65
   262 0000001F 53                              	DB	83
   263 00000020 44                              	DB	68
   264 00000021 46                              	DB	70
   265 00000022 47                              	DB	71
   266 00000023 48                              	DB	72
   267 00000024 4A                              	DB	74
   268 00000025 4B                              	DB	75
   269 00000026 4C                              	DB	76
   270 00000027 3B                              	DB	59
   271 00000028 3A                              	DB	58
   272 00000029 00                              	DB	0
   273 0000002A 00                              	DB	0
   274 0000002B 5D                              	DB	93
   275 0000002C 5A                              	DB	90
   276 0000002D 58                              	DB	88
   277 0000002E 43                              	DB	67
   278 0000002F 56                              	DB	86
   279 00000030 42                              	DB	66
   280 00000031 4E                              	DB	78
   281 00000032 4D                              	DB	77
   282 00000033 2C                              	DB	44
   283 00000034 2E                              	DB	46
   284 00000035 2F                              	DB	47
   285 00000036 00                              	DB	0
   286 00000037 2A                              	DB	42
   287 00000038 00                              	DB	0
   288 00000039 20                              	DB	32
   289 0000003A 00                              	DB	0
   290 0000003B 00                              	DB	0
   291 0000003C 00                              	DB	0
   292 0000003D 00                              	DB	0
   293 0000003E 00                              	DB	0
   294 0000003F 00                              	DB	0
   295 00000040 00                              	DB	0
   296 00000041 00                              	DB	0
   297 00000042 00                              	DB	0
   298 00000043 00                              	DB	0
   299 00000044 00                              	DB	0
   300 00000045 00                              	DB	0
   301 00000046 00                              	DB	0
   302 00000047 37                              	DB	55
   303 00000048 38                              	DB	56
   304 00000049 39                              	DB	57
   305 0000004A 2D                              	DB	45
   306 0000004B 34                              	DB	52
   307 0000004C 35                              	DB	53
   308 0000004D 36                              	DB	54
   309 0000004E 2B                              	DB	43
   310 0000004F 31                              	DB	49
   311 00000050 32                              	DB	50
   312 00000051 33                              	DB	51
   313 00000052 30                              	DB	48
   314 00000053 2E                              	DB	46
   315 00000054                                 LC0:
   316 00000054 74 61 73 6B 5F 62 25 64 00      	DB	"task_b%d",0x00
   317 0000005D                                 LC1:
   318 0000005D 74 61 73 6B 5F 61 00            	DB	"task_a",0x00
   319 00000064                                 LC2:
   320 00000064 28 25 33 64 2C 20 25 33 64 29   	DB	"(%3d, %3d)",0x00
       0000006E 00 
   321 0000006F                                 LC3:
   322 0000006F 6D 65 6D 6F 72 79 20 25 64 4D   	DB	"memory %dMB   free : %dKB",0x00
       00000079 42 20 20 20 66 72 65 65 20 3A 
       00000083 20 25 64 4B 42 00 
   323 00000089                                 LC6:
   324 00000089 5B 6C 63 72 20 25 34 64 20 25   	DB	"[lcr %4d %4d]",0x00
       00000093 34 64 5D 00 
   325 00000097                                 LC4:
   326 00000097 25 30 32 58 00                  	DB	"%02X",0x00
   327 0000009C                                 LC5:
   328 0000009C 20 00                           	DB	" ",0x00
   329                                          [SECTION .text]
   330 000001BD                                 	GLOBAL	_HariMain
   331 000001BD                                 _HariMain:
   332 000001BD 55                              	PUSH	EBP
   333 000001BE 89 E5                           	MOV	EBP,ESP
   334 000001C0 57                              	PUSH	EDI
   335 000001C1 56                              	PUSH	ESI
   336 000001C2 31 F6                           	XOR	ESI,ESI
   337 000001C4 53                              	PUSH	EBX
   338 000001C5 8D 5D D4                        	LEA	EBX,DWORD [-44+EBP]
   339 000001C8 81 EC 000003B0                  	SUB	ESP,944
   340 000001CE 6A 07                           	PUSH	7
   341 000001D0 6A 10                           	PUSH	16
   342 000001D2 68 00000090                     	PUSH	144
   343 000001D7 6A 1C                           	PUSH	28
   344 000001D9 6A 08                           	PUSH	8
   345 000001DB 57                              	PUSH	EDI
   346 000001DC E8 FFFFFEA6                     	CALL	_make_textbox8
   347 000001E1 E8 [00000000]                   	CALL	_init_gdtidt
   348 000001E6 E8 [00000000]                   	CALL	_init_pic
   349 000001EB E8 [00000000]                   	CALL	_io_sti
   350 000001F0 8D 85 FFFFFDA4                  	LEA	EAX,DWORD [-604+EBP]
   351 000001F6 6A 00                           	PUSH	0
   352 000001F8 50                              	PUSH	EAX
   353 000001F9 68 00000080                     	PUSH	128
   354 000001FE 53                              	PUSH	EBX
   355 000001FF E8 [00000000]                   	CALL	_fifo32_init
   356 00000204 83 C4 28                        	ADD	ESP,40
   357 00000207 E8 [00000000]                   	CALL	_init_pit
   358 0000020C 68 00000100                     	PUSH	256
   359 00000211 53                              	PUSH	EBX
   360 00000212 E8 [00000000]                   	CALL	_init_keyboard
   361 00000217 8D 85 FFFFFD94                  	LEA	EAX,DWORD [-620+EBP]
   362 0000021D 50                              	PUSH	EAX
   363 0000021E 68 00000200                     	PUSH	512
   364 00000223 53                              	PUSH	EBX
   365 00000224 E8 [00000000]                   	CALL	_enable_mouse
   366 00000229 68 000000F8                     	PUSH	248
   367 0000022E 6A 21                           	PUSH	33
   368 00000230 E8 [00000000]                   	CALL	_io_out8
   369 00000235 68 000000EF                     	PUSH	239
   370 0000023A 68 000000A1                     	PUSH	161
   371 0000023F E8 [00000000]                   	CALL	_io_out8
   372 00000244 83 C4 24                        	ADD	ESP,36
   373 00000247 68 BFFFFFFF                     	PUSH	-1073741825
   374 0000024C 68 00400000                     	PUSH	4194304
   375 00000251 E8 [00000000]                   	CALL	_memtest
   376 00000256 68 003C0000                     	PUSH	3932160
   377 0000025B 89 85 FFFFFC5C                  	MOV	DWORD [-932+EBP],EAX
   378 00000261 E8 [00000000]                   	CALL	_memman_init
   379 00000266 68 0009E000                     	PUSH	647168
   380 0000026B 68 00001000                     	PUSH	4096
   381 00000270 68 003C0000                     	PUSH	3932160
   382 00000275 E8 [00000000]                   	CALL	_memman_free
   383 0000027A 8B 85 FFFFFC5C                  	MOV	EAX,DWORD [-932+EBP]
   384 00000280 2D 00400000                     	SUB	EAX,4194304
   385 00000285 50                              	PUSH	EAX
   386 00000286 68 00400000                     	PUSH	4194304
   387 0000028B 68 003C0000                     	PUSH	3932160
   388 00000290 E8 [00000000]                   	CALL	_memman_free
   389 00000295 83 C4 24                        	ADD	ESP,36
   390 00000298 E8 [00000000]                   	CALL	_init_palette
   391 0000029D 0F BF 05 00000FF6               	MOVSX	EAX,WORD [4086]
   392 000002A4 50                              	PUSH	EAX
   393 000002A5 0F BF 05 00000FF4               	MOVSX	EAX,WORD [4084]
   394 000002AC 50                              	PUSH	EAX
   395 000002AD FF 35 00000FF8                  	PUSH	DWORD [4088]
   396 000002B3 68 003C0000                     	PUSH	3932160
   397 000002B8 E8 [00000000]                   	CALL	_shtctl_init
   398 000002BD 68 003C0000                     	PUSH	3932160
   399 000002C2 89 85 FFFFFC58                  	MOV	DWORD [-936+EBP],EAX
   400 000002C8 E8 [00000000]                   	CALL	_task_init
   401 000002CD 6A 00                           	PUSH	0
   402 000002CF 6A 01                           	PUSH	1
   403 000002D1 89 85 FFFFFC4C                  	MOV	DWORD [-948+EBP],EAX
   404 000002D7 50                              	PUSH	EAX
   405 000002D8 89 45 EC                        	MOV	DWORD [-20+EBP],EAX
   406 000002DB E8 [00000000]                   	CALL	_task_run
   407 000002E0 83 C4 20                        	ADD	ESP,32
   408 000002E3 FF B5 FFFFFC58                  	PUSH	DWORD [-936+EBP]
   409 000002E9 E8 [00000000]                   	CALL	_sheet_alloc
   410 000002EE 0F BF 15 00000FF6               	MOVSX	EDX,WORD [4086]
   411 000002F5 89 85 FFFFFC54                  	MOV	DWORD [-940+EBP],EAX
   412 000002FB 0F BF 05 00000FF4               	MOVSX	EAX,WORD [4084]
   413 00000302 0F AF C2                        	IMUL	EAX,EDX
   414 00000305 50                              	PUSH	EAX
   415 00000306 68 003C0000                     	PUSH	3932160
   416 0000030B E8 [00000000]                   	CALL	_memman_alloc_4k
   417 00000310 6A FF                           	PUSH	-1
   418 00000312 89 C3                           	MOV	EBX,EAX
   419 00000314 0F BF 05 00000FF6               	MOVSX	EAX,WORD [4086]
   420 0000031B 50                              	PUSH	EAX
   421 0000031C 0F BF 05 00000FF4               	MOVSX	EAX,WORD [4084]
   422 00000323 50                              	PUSH	EAX
   423 00000324 53                              	PUSH	EBX
   424 00000325 FF B5 FFFFFC54                  	PUSH	DWORD [-940+EBP]
   425 0000032B E8 [00000000]                   	CALL	_sheet_setbuf
   426 00000330 83 C4 20                        	ADD	ESP,32
   427 00000333 0F BF 05 00000FF6               	MOVSX	EAX,WORD [4086]
   428 0000033A 50                              	PUSH	EAX
   429 0000033B 0F BF 05 00000FF4               	MOVSX	EAX,WORD [4084]
   430 00000342 50                              	PUSH	EAX
   431 00000343 53                              	PUSH	EBX
   432 00000344 E8 [00000000]                   	CALL	_init_screen8
   433 00000349 83 C4 0C                        	ADD	ESP,12
   434 0000034C                                 L8:
   435 0000034C FF B5 FFFFFC58                  	PUSH	DWORD [-936+EBP]
   436 00000352 E8 [00000000]                   	CALL	_sheet_alloc
   437 00000357 68 00001D40                     	PUSH	7488
   438 0000035C 68 003C0000                     	PUSH	3932160
   439 00000361 89 84 B5 FFFFFD84               	MOV	DWORD [-636+EBP+ESI*4],EAX
   440 00000368 E8 [00000000]                   	CALL	_memman_alloc_4k
   441 0000036D 6A FF                           	PUSH	-1
   442 0000036F 89 C3                           	MOV	EBX,EAX
   443 00000371 6A 34                           	PUSH	52
   444 00000373 68 00000090                     	PUSH	144
   445 00000378 50                              	PUSH	EAX
   446 00000379 FF B4 B5 FFFFFD84               	PUSH	DWORD [-636+EBP+ESI*4]
   447 00000380 E8 [00000000]                   	CALL	_sheet_setbuf
   448 00000385 8D 45 A4                        	LEA	EAX,DWORD [-92+EBP]
   449 00000388 83 C4 20                        	ADD	ESP,32
   450 0000038B 56                              	PUSH	ESI
   451 0000038C 68 [00000054]                   	PUSH	LC0
   452 00000391 50                              	PUSH	EAX
   453 00000392 E8 [00000000]                   	CALL	_sprintf
   454 00000397 8D 55 A4                        	LEA	EDX,DWORD [-92+EBP]
   455 0000039A 6A 00                           	PUSH	0
   456 0000039C 52                              	PUSH	EDX
   457 0000039D 6A 34                           	PUSH	52
   458 0000039F 68 00000090                     	PUSH	144
   459 000003A4 53                              	PUSH	EBX
   460 000003A5 E8 000005EE                     	CALL	_make_window8
   461 000003AA 83 C4 20                        	ADD	ESP,32
   462 000003AD E8 [00000000]                   	CALL	_task_alloc
   463 000003B2 68 00010000                     	PUSH	65536
   464 000003B7 89 C3                           	MOV	EBX,EAX
   465 000003B9 68 003C0000                     	PUSH	3932160
   466 000003BE 89 84 B5 FFFFFC74               	MOV	DWORD [-908+EBP+ESI*4],EAX
   467 000003C5 E8 [00000000]                   	CALL	_memman_alloc_4k
   468 000003CA 05 0000FFF8                     	ADD	EAX,65528
   469 000003CF 89 43 48                        	MOV	DWORD [72+EBX],EAX
   470 000003D2 8B 9C B5 FFFFFD84               	MOV	EBX,DWORD [-636+EBP+ESI*4]
   471 000003D9 8B 84 B5 FFFFFC74               	MOV	EAX,DWORD [-908+EBP+ESI*4]
   472 000003E0 8B 48 48                        	MOV	ECX,DWORD [72+EAX]
   473 000003E3 C7 40 30 [00000B38]             	MOV	DWORD [48+EAX],_task_b_main
   474 000003EA C7 40 58 00000008               	MOV	DWORD [88+EAX],8
   475 000003F1 C7 40 5C 00000010               	MOV	DWORD [92+EAX],16
   476 000003F8 C7 40 60 00000008               	MOV	DWORD [96+EAX],8
   477 000003FF C7 40 64 00000008               	MOV	DWORD [100+EAX],8
   478 00000406 C7 40 68 00000008               	MOV	DWORD [104+EAX],8
   479 0000040D C7 40 6C 00000008               	MOV	DWORD [108+EAX],8
   480 00000414 89 59 04                        	MOV	DWORD [4+ECX],EBX
   481 00000417 8D 5E 01                        	LEA	EBX,DWORD [1+ESI]
   482 0000041A 53                              	PUSH	EBX
   483 0000041B 89 DE                           	MOV	ESI,EBX
   484 0000041D 6A 02                           	PUSH	2
   485 0000041F 50                              	PUSH	EAX
   486 00000420 E8 [00000000]                   	CALL	_task_run
   487 00000425 83 C4 14                        	ADD	ESP,20
   488 00000428 83 FB 02                        	CMP	EBX,2
   489 0000042B 0F 8E FFFFFF1B                  	JLE	L8
   490 00000431 FF B5 FFFFFC58                  	PUSH	DWORD [-936+EBP]
   491 00000437 E8 [00000000]                   	CALL	_sheet_alloc
   492 0000043C 68 00002080                     	PUSH	8320
   493 00000441 68 003C0000                     	PUSH	3932160
   494 00000446 89 C7                           	MOV	EDI,EAX
   495 00000448 E8 [00000000]                   	CALL	_memman_alloc_4k
   496 0000044D 6A FF                           	PUSH	-1
   497 0000044F 6A 34                           	PUSH	52
   498 00000451 89 C3                           	MOV	EBX,EAX
   499 00000453 68 00000090                     	PUSH	144
   500 00000458 50                              	PUSH	EAX
   501 00000459 57                              	PUSH	EDI
   502 0000045A E8 [00000000]                   	CALL	_sheet_setbuf
   503 0000045F 83 C4 20                        	ADD	ESP,32
   504 00000462 6A 01                           	PUSH	1
   505 00000464 68 [0000005D]                   	PUSH	LC1
   506 00000469 6A 34                           	PUSH	52
   507 0000046B 68 00000090                     	PUSH	144
   508 00000470 53                              	PUSH	EBX
   509 00000471 8D 9D FFFFFC84                  	LEA	EBX,DWORD [-892+EBP]
   510 00000477 E8 0000051C                     	CALL	_make_window8
   511 0000047C 6A 07                           	PUSH	7
   512 0000047E 6A 10                           	PUSH	16
   513 00000480 68 00000080                     	PUSH	128
   514 00000485 6A 1C                           	PUSH	28
   515 00000487 6A 08                           	PUSH	8
   516 00000489 57                              	PUSH	EDI
   517 0000048A E8 FFFFFBF8                     	CALL	_make_textbox8
   518 0000048F 83 C4 2C                        	ADD	ESP,44
   519 00000492 C7 85 FFFFFC64 00000008         	MOV	DWORD [-924+EBP],8
   520 0000049C C7 85 FFFFFC60 00000007         	MOV	DWORD [-928+EBP],7
   521 000004A6 E8 [00000000]                   	CALL	_timer_alloc
   522 000004AB 6A 01                           	PUSH	1
   523 000004AD 89 85 FFFFFC70                  	MOV	DWORD [-912+EBP],EAX
   524 000004B3 8D 45 D4                        	LEA	EAX,DWORD [-44+EBP]
   525 000004B6 50                              	PUSH	EAX
   526 000004B7 FF B5 FFFFFC70                  	PUSH	DWORD [-912+EBP]
   527 000004BD E8 [00000000]                   	CALL	_timer_init
   528 000004C2 6A 32                           	PUSH	50
   529 000004C4 FF B5 FFFFFC70                  	PUSH	DWORD [-912+EBP]
   530 000004CA E8 [00000000]                   	CALL	_timer_settime
   531 000004CF FF B5 FFFFFC58                  	PUSH	DWORD [-936+EBP]
   532 000004D5 E8 [00000000]                   	CALL	_sheet_alloc
   533 000004DA 6A 63                           	PUSH	99
   534 000004DC 6A 10                           	PUSH	16
   535 000004DE 6A 10                           	PUSH	16
   536 000004E0 89 85 FFFFFC50                  	MOV	DWORD [-944+EBP],EAX
   537 000004E6 53                              	PUSH	EBX
   538 000004E7 50                              	PUSH	EAX
   539 000004E8 E8 [00000000]                   	CALL	_sheet_setbuf
   540 000004ED 83 C4 2C                        	ADD	ESP,44
   541 000004F0 6A 63                           	PUSH	99
   542 000004F2 53                              	PUSH	EBX
   543 000004F3 BB 00000002                     	MOV	EBX,2
   544 000004F8 E8 [00000000]                   	CALL	_init_mouse_cursor8
   545 000004FD 0F BF 05 00000FF4               	MOVSX	EAX,WORD [4084]
   546 00000504 8D 48 F0                        	LEA	ECX,DWORD [-16+EAX]
   547 00000507 89 C8                           	MOV	EAX,ECX
   548 00000509 99                              	CDQ
   549 0000050A F7 FB                           	IDIV	EBX
   550 0000050C 89 85 FFFFFC6C                  	MOV	DWORD [-916+EBP],EAX
   551 00000512 0F BF 05 00000FF6               	MOVSX	EAX,WORD [4086]
   552 00000519 6A 00                           	PUSH	0
   553 0000051B 8D 48 D4                        	LEA	ECX,DWORD [-44+EAX]
   554 0000051E 6A 00                           	PUSH	0
   555 00000520 89 C8                           	MOV	EAX,ECX
   556 00000522 99                              	CDQ
   557 00000523 F7 FB                           	IDIV	EBX
   558 00000525 FF B5 FFFFFC54                  	PUSH	DWORD [-940+EBP]
   559 0000052B 89 85 FFFFFC68                  	MOV	DWORD [-920+EBP],EAX
   560 00000531 8D 5D A4                        	LEA	EBX,DWORD [-92+EBP]
   561 00000534 E8 [00000000]                   	CALL	_sheet_slide
   562 00000539 6A 38                           	PUSH	56
   563 0000053B 68 000000A8                     	PUSH	168
   564 00000540 FF B5 FFFFFD84                  	PUSH	DWORD [-636+EBP]
   565 00000546 E8 [00000000]                   	CALL	_sheet_slide
   566 0000054B 83 C4 20                        	ADD	ESP,32
   567 0000054E 6A 74                           	PUSH	116
   568 00000550 6A 08                           	PUSH	8
   569 00000552 FF B5 FFFFFD88                  	PUSH	DWORD [-632+EBP]
   570 00000558 E8 [00000000]                   	CALL	_sheet_slide
   571 0000055D 6A 74                           	PUSH	116
   572 0000055F 68 000000A8                     	PUSH	168
   573 00000564 FF B5 FFFFFD8C                  	PUSH	DWORD [-628+EBP]
   574 0000056A E8 [00000000]                   	CALL	_sheet_slide
   575 0000056F 6A 38                           	PUSH	56
   576 00000571 6A 08                           	PUSH	8
   577 00000573 57                              	PUSH	EDI
   578 00000574 E8 [00000000]                   	CALL	_sheet_slide
   579 00000579 83 C4 24                        	ADD	ESP,36
   580 0000057C FF B5 FFFFFC68                  	PUSH	DWORD [-920+EBP]
   581 00000582 FF B5 FFFFFC6C                  	PUSH	DWORD [-916+EBP]
   582 00000588 FF B5 FFFFFC50                  	PUSH	DWORD [-944+EBP]
   583 0000058E E8 [00000000]                   	CALL	_sheet_slide
   584 00000593 6A 00                           	PUSH	0
   585 00000595 FF B5 FFFFFC54                  	PUSH	DWORD [-940+EBP]
   586 0000059B E8 [00000000]                   	CALL	_sheet_updown
   587 000005A0 6A 01                           	PUSH	1
   588 000005A2 FF B5 FFFFFD84                  	PUSH	DWORD [-636+EBP]
   589 000005A8 E8 [00000000]                   	CALL	_sheet_updown
   590 000005AD 6A 02                           	PUSH	2
   591 000005AF FF B5 FFFFFD88                  	PUSH	DWORD [-632+EBP]
   592 000005B5 E8 [00000000]                   	CALL	_sheet_updown
   593 000005BA 83 C4 24                        	ADD	ESP,36
   594 000005BD 6A 03                           	PUSH	3
   595 000005BF FF B5 FFFFFD8C                  	PUSH	DWORD [-628+EBP]
   596 000005C5 E8 [00000000]                   	CALL	_sheet_updown
   597 000005CA 6A 04                           	PUSH	4
   598 000005CC 57                              	PUSH	EDI
   599 000005CD E8 [00000000]                   	CALL	_sheet_updown
   600 000005D2 6A 05                           	PUSH	5
   601 000005D4 FF B5 FFFFFC50                  	PUSH	DWORD [-944+EBP]
   602 000005DA E8 [00000000]                   	CALL	_sheet_updown
   603 000005DF FF B5 FFFFFC68                  	PUSH	DWORD [-920+EBP]
   604 000005E5 FF B5 FFFFFC6C                  	PUSH	DWORD [-916+EBP]
   605 000005EB 68 [00000064]                   	PUSH	LC2
   606 000005F0 53                              	PUSH	EBX
   607 000005F1 E8 [00000000]                   	CALL	_sprintf
   608 000005F6 83 C4 28                        	ADD	ESP,40
   609 000005F9 6A 0A                           	PUSH	10
   610 000005FB 53                              	PUSH	EBX
   611 000005FC 6A 0E                           	PUSH	14
   612 000005FE 6A 07                           	PUSH	7
   613 00000600 6A 00                           	PUSH	0
   614 00000602 6A 00                           	PUSH	0
   615 00000604 FF B5 FFFFFC54                  	PUSH	DWORD [-940+EBP]
   616 0000060A E8 FFFFF9F1                     	CALL	_putfonts8_asc_sht
   617 0000060F 68 003C0000                     	PUSH	3932160
   618 00000614 E8 [00000000]                   	CALL	_memman_total
   619 00000619 C1 AD FFFFFC5C 14               	SHR	DWORD [-932+EBP],20
   620 00000620 C1 E8 0A                        	SHR	EAX,10
   621 00000623 89 04 24                        	MOV	DWORD [ESP],EAX
   622 00000626 FF B5 FFFFFC5C                  	PUSH	DWORD [-932+EBP]
   623 0000062C 68 [0000006F]                   	PUSH	LC3
   624 00000631 53                              	PUSH	EBX
   625 00000632 E8 [00000000]                   	CALL	_sprintf
   626 00000637 83 C4 2C                        	ADD	ESP,44
   627 0000063A 6A 28                           	PUSH	40
   628 0000063C 53                              	PUSH	EBX
   629 0000063D 6A 0E                           	PUSH	14
   630 0000063F 6A 07                           	PUSH	7
   631 00000641 6A 20                           	PUSH	32
   632 00000643 6A 00                           	PUSH	0
   633 00000645 FF B5 FFFFFC54                  	PUSH	DWORD [-940+EBP]
   634 0000064B E8 FFFFF9B0                     	CALL	_putfonts8_asc_sht
   635 00000650 83 C4 1C                        	ADD	ESP,28
   636 00000653                                 L9:
   637 00000653 8D 5D D4                        	LEA	EBX,DWORD [-44+EBP]
   638 00000656 E8 [00000000]                   	CALL	_io_cli
   639 0000065B 53                              	PUSH	EBX
   640 0000065C E8 [00000000]                   	CALL	_fifo32_status
   641 00000661 5E                              	POP	ESI
   642 00000662 85 C0                           	TEST	EAX,EAX
   643 00000664 0F 84 00000318                  	JE	L36
   644 0000066A 53                              	PUSH	EBX
   645 0000066B E8 [00000000]                   	CALL	_fifo32_get
   646 00000670 89 C6                           	MOV	ESI,EAX
   647 00000672 E8 [00000000]                   	CALL	_io_sti
   648 00000677 5A                              	POP	EDX
   649 00000678 8D 86 FFFFFF00                  	LEA	EAX,DWORD [-256+ESI]
   650 0000067E 3D 000000FF                     	CMP	EAX,255
   651 00000683 0F 86 0000020D                  	JBE	L37
   652 00000689 8D 86 FFFFFE00                  	LEA	EAX,DWORD [-512+ESI]
   653 0000068F 3D 000000FF                     	CMP	EAX,255
   654 00000694 0F 86 00000094                  	JBE	L38
   655 0000069A 83 FE 01                        	CMP	ESI,1
   656 0000069D 7F B4                           	JG	L9
   657 0000069F 85 F6                           	TEST	ESI,ESI
   658 000006A1 74 71                           	JE	L31
   659 000006A3 6A 00                           	PUSH	0
   660 000006A5 53                              	PUSH	EBX
   661 000006A6 FF B5 FFFFFC70                  	PUSH	DWORD [-912+EBP]
   662 000006AC E8 [00000000]                   	CALL	_timer_init
   663 000006B1 C7 85 FFFFFC60 00000000         	MOV	DWORD [-928+EBP],0
   664 000006BB                                 L35:
   665 000006BB 83 C4 0C                        	ADD	ESP,12
   666 000006BE 6A 32                           	PUSH	50
   667 000006C0 FF B5 FFFFFC70                  	PUSH	DWORD [-912+EBP]
   668 000006C6 E8 [00000000]                   	CALL	_timer_settime
   669 000006CB 8B 85 FFFFFC64                  	MOV	EAX,DWORD [-924+EBP]
   670 000006D1 6A 2B                           	PUSH	43
   671 000006D3 83 C0 07                        	ADD	EAX,7
   672 000006D6 50                              	PUSH	EAX
   673 000006D7 6A 1C                           	PUSH	28
   674 000006D9 FF B5 FFFFFC64                  	PUSH	DWORD [-924+EBP]
   675 000006DF FF B5 FFFFFC60                  	PUSH	DWORD [-928+EBP]
   676 000006E5 FF 77 04                        	PUSH	DWORD [4+EDI]
   677 000006E8 FF 37                           	PUSH	DWORD [EDI]
   678 000006EA E8 [00000000]                   	CALL	_boxfill8
   679 000006EF 8B 85 FFFFFC64                  	MOV	EAX,DWORD [-924+EBP]
   680 000006F5 83 C4 24                        	ADD	ESP,36
   681 000006F8 83 C0 08                        	ADD	EAX,8
   682 000006FB 6A 2C                           	PUSH	44
   683 000006FD 50                              	PUSH	EAX
   684 000006FE 6A 1C                           	PUSH	28
   685 00000700 FF B5 FFFFFC64                  	PUSH	DWORD [-924+EBP]
   686 00000706 57                              	PUSH	EDI
   687 00000707 E8 [00000000]                   	CALL	_sheet_refresh
   688 0000070C 83 C4 14                        	ADD	ESP,20
   689 0000070F E9 FFFFFF3F                     	JMP	L9
   690 00000714                                 L31:
   691 00000714 6A 01                           	PUSH	1
   692 00000716 53                              	PUSH	EBX
   693 00000717 FF B5 FFFFFC70                  	PUSH	DWORD [-912+EBP]
   694 0000071D E8 [00000000]                   	CALL	_timer_init
   695 00000722 C7 85 FFFFFC60 00000007         	MOV	DWORD [-928+EBP],7
   696 0000072C EB 8D                           	JMP	L35
   697 0000072E                                 L38:
   698 0000072E 89 F2                           	MOV	EDX,ESI
   699 00000730 0F B6 C2                        	MOVZX	EAX,DL
   700 00000733 50                              	PUSH	EAX
   701 00000734 8D 85 FFFFFD94                  	LEA	EAX,DWORD [-620+EBP]
   702 0000073A 50                              	PUSH	EAX
   703 0000073B E8 [00000000]                   	CALL	_mouse_decode
   704 00000740 5A                              	POP	EDX
   705 00000741 59                              	POP	ECX
   706 00000742 85 C0                           	TEST	EAX,EAX
   707 00000744 0F 84 FFFFFF09                  	JE	L9
   708 0000074A FF B5 FFFFFD9C                  	PUSH	DWORD [-612+EBP]
   709 00000750 FF B5 FFFFFD98                  	PUSH	DWORD [-616+EBP]
   710 00000756 68 [00000089]                   	PUSH	LC6
   711 0000075B 8D 5D A4                        	LEA	EBX,DWORD [-92+EBP]
   712 0000075E 53                              	PUSH	EBX
   713 0000075F E8 [00000000]                   	CALL	_sprintf
   714 00000764 83 C4 10                        	ADD	ESP,16
   715 00000767 8B 85 FFFFFDA0                  	MOV	EAX,DWORD [-608+EBP]
   716 0000076D A9 00000001                     	TEST	EAX,1
   717 00000772 74 04                           	JE	L21
   718 00000774 C6 45 A5 4C                     	MOV	BYTE [-91+EBP],76
   719 00000778                                 L21:
   720 00000778 A9 00000002                     	TEST	EAX,2
   721 0000077D 74 04                           	JE	L22
   722 0000077F C6 45 A7 52                     	MOV	BYTE [-89+EBP],82
   723 00000783                                 L22:
   724 00000783 83 E0 04                        	AND	EAX,4
   725 00000786 74 04                           	JE	L23
   726 00000788 C6 45 A6 43                     	MOV	BYTE [-90+EBP],67
   727 0000078C                                 L23:
   728 0000078C 6A 0F                           	PUSH	15
   729 0000078E 53                              	PUSH	EBX
   730 0000078F 6A 0E                           	PUSH	14
   731 00000791 6A 07                           	PUSH	7
   732 00000793 6A 10                           	PUSH	16
   733 00000795 6A 20                           	PUSH	32
   734 00000797 FF B5 FFFFFC54                  	PUSH	DWORD [-940+EBP]
   735 0000079D E8 FFFFF85E                     	CALL	_putfonts8_asc_sht
   736 000007A2 8B 95 FFFFFD98                  	MOV	EDX,DWORD [-616+EBP]
   737 000007A8 8B 85 FFFFFD9C                  	MOV	EAX,DWORD [-612+EBP]
   738 000007AE 83 C4 1C                        	ADD	ESP,28
   739 000007B1 01 85 FFFFFC68                  	ADD	DWORD [-920+EBP],EAX
   740 000007B7 01 95 FFFFFC6C                  	ADD	DWORD [-916+EBP],EDX
   741 000007BD 0F 88 000000C4                  	JS	L39
   742 000007C3                                 L24:
   743 000007C3 83 BD FFFFFC68 00               	CMP	DWORD [-920+EBP],0
   744 000007CA 0F 88 000000A8                  	JS	L40
   745 000007D0                                 L25:
   746 000007D0 0F BF 05 00000FF4               	MOVSX	EAX,WORD [4084]
   747 000007D7 48                              	DEC	EAX
   748 000007D8 39 85 FFFFFC6C                  	CMP	DWORD [-916+EBP],EAX
   749 000007DE 7E 06                           	JLE	L26
   750 000007E0 89 85 FFFFFC6C                  	MOV	DWORD [-916+EBP],EAX
   751 000007E6                                 L26:
   752 000007E6 0F BF 05 00000FF6               	MOVSX	EAX,WORD [4086]
   753 000007ED 48                              	DEC	EAX
   754 000007EE 39 85 FFFFFC68                  	CMP	DWORD [-920+EBP],EAX
   755 000007F4 7E 06                           	JLE	L27
   756 000007F6 89 85 FFFFFC68                  	MOV	DWORD [-920+EBP],EAX
   757 000007FC                                 L27:
   758 000007FC FF B5 FFFFFC68                  	PUSH	DWORD [-920+EBP]
   759 00000802 FF B5 FFFFFC6C                  	PUSH	DWORD [-916+EBP]
   760 00000808 68 [00000064]                   	PUSH	LC2
   761 0000080D 53                              	PUSH	EBX
   762 0000080E E8 [00000000]                   	CALL	_sprintf
   763 00000813 6A 0A                           	PUSH	10
   764 00000815 53                              	PUSH	EBX
   765 00000816 6A 0E                           	PUSH	14
   766 00000818 6A 07                           	PUSH	7
   767 0000081A 6A 00                           	PUSH	0
   768 0000081C 6A 00                           	PUSH	0
   769 0000081E FF B5 FFFFFC54                  	PUSH	DWORD [-940+EBP]
   770 00000824 E8 FFFFF7D7                     	CALL	_putfonts8_asc_sht
   771 00000829 83 C4 2C                        	ADD	ESP,44
   772 0000082C FF B5 FFFFFC68                  	PUSH	DWORD [-920+EBP]
   773 00000832 FF B5 FFFFFC6C                  	PUSH	DWORD [-916+EBP]
   774 00000838 FF B5 FFFFFC50                  	PUSH	DWORD [-944+EBP]
   775 0000083E E8 [00000000]                   	CALL	_sheet_slide
   776 00000843 83 C4 0C                        	ADD	ESP,12
   777 00000846 F7 85 FFFFFDA0 00000001         	TEST	DWORD [-608+EBP],1
   778 00000850 0F 84 FFFFFDFD                  	JE	L9
   779 00000856 8B 85 FFFFFC68                  	MOV	EAX,DWORD [-920+EBP]
   780 0000085C 83 E8 08                        	SUB	EAX,8
   781 0000085F 50                              	PUSH	EAX
   782 00000860 8B 85 FFFFFC6C                  	MOV	EAX,DWORD [-916+EBP]
   783 00000866 83 E8 50                        	SUB	EAX,80
   784 00000869 50                              	PUSH	EAX
   785 0000086A 57                              	PUSH	EDI
   786 0000086B E8 [00000000]                   	CALL	_sheet_slide
   787 00000870 83 C4 0C                        	ADD	ESP,12
   788 00000873 E9 FFFFFDDB                     	JMP	L9
   789 00000878                                 L40:
   790 00000878 C7 85 FFFFFC68 00000000         	MOV	DWORD [-920+EBP],0
   791 00000882 E9 FFFFFF49                     	JMP	L25
   792 00000887                                 L39:
   793 00000887 C7 85 FFFFFC6C 00000000         	MOV	DWORD [-916+EBP],0
   794 00000891 E9 FFFFFF2D                     	JMP	L24
   795 00000896                                 L37:
   796 00000896 50                              	PUSH	EAX
   797 00000897 8D 5D A4                        	LEA	EBX,DWORD [-92+EBP]
   798 0000089A 68 [00000097]                   	PUSH	LC4
   799 0000089F 53                              	PUSH	EBX
   800 000008A0 E8 [00000000]                   	CALL	_sprintf
   801 000008A5 6A 02                           	PUSH	2
   802 000008A7 53                              	PUSH	EBX
   803 000008A8 6A 0E                           	PUSH	14
   804 000008AA 6A 07                           	PUSH	7
   805 000008AC 6A 10                           	PUSH	16
   806 000008AE 6A 00                           	PUSH	0
   807 000008B0 FF B5 FFFFFC54                  	PUSH	DWORD [-940+EBP]
   808 000008B6 E8 FFFFF745                     	CALL	_putfonts8_asc_sht
   809 000008BB 83 C4 28                        	ADD	ESP,40
   810 000008BE 81 FE 00000153                  	CMP	ESI,339
   811 000008C4 0F 8F FFFFFD89                  	JG	L9
   812 000008CA 8A 86 [FFFFFF00]                	MOV	AL,BYTE [_keytable.0-256+ESI]
   813 000008D0 84 C0                           	TEST	AL,AL
   814 000008D2 74 32                           	JE	L16
   815 000008D4 81 BD FFFFFC64 0000008F         	CMP	DWORD [-924+EBP],143
   816 000008DE 7F 26                           	JG	L16
   817 000008E0 6A 01                           	PUSH	1
   818 000008E2 88 45 A4                        	MOV	BYTE [-92+EBP],AL
   819 000008E5 53                              	PUSH	EBX
   820 000008E6 6A 07                           	PUSH	7
   821 000008E8 6A 00                           	PUSH	0
   822 000008EA 6A 1C                           	PUSH	28
   823 000008EC FF B5 FFFFFC64                  	PUSH	DWORD [-924+EBP]
   824 000008F2 57                              	PUSH	EDI
   825 000008F3 C6 45 A5 00                     	MOV	BYTE [-91+EBP],0
   826 000008F7 E8 FFFFF704                     	CALL	_putfonts8_asc_sht
   827 000008FC 83 C4 1C                        	ADD	ESP,28
   828 000008FF 83 85 FFFFFC64 08               	ADD	DWORD [-924+EBP],8
   829 00000906                                 L16:
   830 00000906 81 FE 0000010E                  	CMP	ESI,270
   831 0000090C 74 46                           	JE	L41
   832 0000090E                                 L17:
   833 0000090E 8B 85 FFFFFC64                  	MOV	EAX,DWORD [-924+EBP]
   834 00000914 6A 2B                           	PUSH	43
   835 00000916 83 C0 07                        	ADD	EAX,7
   836 00000919 50                              	PUSH	EAX
   837 0000091A 6A 1C                           	PUSH	28
   838 0000091C FF B5 FFFFFC64                  	PUSH	DWORD [-924+EBP]
   839 00000922 FF B5 FFFFFC60                  	PUSH	DWORD [-928+EBP]
   840 00000928 FF 77 04                        	PUSH	DWORD [4+EDI]
   841 0000092B FF 37                           	PUSH	DWORD [EDI]
   842 0000092D E8 [00000000]                   	CALL	_boxfill8
   843 00000932 8B 85 FFFFFC64                  	MOV	EAX,DWORD [-924+EBP]
   844 00000938 6A 2C                           	PUSH	44
   845 0000093A 83 C0 08                        	ADD	EAX,8
   846 0000093D 50                              	PUSH	EAX
   847 0000093E 6A 1C                           	PUSH	28
   848 00000940 FF B5 FFFFFC64                  	PUSH	DWORD [-924+EBP]
   849 00000946 57                              	PUSH	EDI
   850 00000947 E8 [00000000]                   	CALL	_sheet_refresh
   851 0000094C 83 C4 30                        	ADD	ESP,48
   852 0000094F E9 FFFFFCFF                     	JMP	L9
   853 00000954                                 L41:
   854 00000954 83 BD FFFFFC64 08               	CMP	DWORD [-924+EBP],8
   855 0000095B 7E B1                           	JLE	L17
   856 0000095D 6A 01                           	PUSH	1
   857 0000095F 68 [0000009C]                   	PUSH	LC5
   858 00000964 6A 07                           	PUSH	7
   859 00000966 6A 00                           	PUSH	0
   860 00000968 6A 1C                           	PUSH	28
   861 0000096A FF B5 FFFFFC64                  	PUSH	DWORD [-924+EBP]
   862 00000970 57                              	PUSH	EDI
   863 00000971 E8 FFFFF68A                     	CALL	_putfonts8_asc_sht
   864 00000976 83 C4 1C                        	ADD	ESP,28
   865 00000979 83 AD FFFFFC64 08               	SUB	DWORD [-924+EBP],8
   866 00000980 EB 8C                           	JMP	L17
   867 00000982                                 L36:
   868 00000982 FF B5 FFFFFC4C                  	PUSH	DWORD [-948+EBP]
   869 00000988 E8 [00000000]                   	CALL	_task_sleep
   870 0000098D E8 [00000000]                   	CALL	_io_stihlt
   871 00000992 59                              	POP	ECX
   872 00000993 E9 FFFFFCBB                     	JMP	L9
   873                                          [SECTION .data]
   874 0000009E                                 _closebtn.1:
   875 0000009E 4F 4F 4F 4F 4F 4F 4F 4F 4F 4F   	DB	"OOOOOOOOOOOOOOO@"
       000000A8 4F 4F 4F 4F 4F 40 
   876 000000AE 4F 51 51 51 51 51 51 51 51 51   	DB	"OQQQQQQQQQQQQQ$@"
       000000B8 51 51 51 51 24 40 
   877 000000BE 4F 51 51 51 51 51 51 51 51 51   	DB	"OQQQQQQQQQQQQQ$@"
       000000C8 51 51 51 51 24 40 
   878 000000CE 4F 51 51 51 40 40 51 51 51 51   	DB	"OQQQ@@QQQQ@@QQ$@"
       000000D8 40 40 51 51 24 40 
   879 000000DE 4F 51 51 51 51 40 40 51 51 40   	DB	"OQQQQ@@QQ@@QQQ$@"
       000000E8 40 51 51 51 24 40 
   880 000000EE 4F 51 51 51 51 51 40 40 40 40   	DB	"OQQQQQ@@@@QQQQ$@"
       000000F8 51 51 51 51 24 40 
   881 000000FE 4F 51 51 51 51 51 51 40 40 51   	DB	"OQQQQQQ@@QQQQQ$@"
       00000108 51 51 51 51 24 40 
   882 0000010E 4F 51 51 51 51 51 40 40 40 40   	DB	"OQQQQQ@@@@QQQQ$@"
       00000118 51 51 51 51 24 40 
   883 0000011E 4F 51 51 51 51 40 40 51 51 40   	DB	"OQQQQ@@QQ@@QQQ$@"
       00000128 40 51 51 51 24 40 
   884 0000012E 4F 51 51 51 40 40 51 51 51 51   	DB	"OQQQ@@QQQQ@@QQ$@"
       00000138 40 40 51 51 24 40 
   885 0000013E 4F 51 51 51 51 51 51 51 51 51   	DB	"OQQQQQQQQQQQQQ$@"
       00000148 51 51 51 51 24 40 
   886 0000014E 4F 51 51 51 51 51 51 51 51 51   	DB	"OQQQQQQQQQQQQQ$@"
       00000158 51 51 51 51 24 40 
   887 0000015E 4F 24 24 24 24 24 24 24 24 24   	DB	"O$$$$$$$$$$$$$$@"
       00000168 24 24 24 24 24 40 
   888 0000016E 40 40 40 40 40 40 40 40 40 40   	DB	"@@@@@@@@@@@@@@@@"
       00000178 40 40 40 40 40 40 
   889                                          [SECTION .text]
   890 00000998                                 	GLOBAL	_make_window8
   891 00000998                                 _make_window8:
   892 00000998 55                              	PUSH	EBP
   893 00000999 89 E5                           	MOV	EBP,ESP
   894 0000099B 57                              	PUSH	EDI
   895 0000099C 56                              	PUSH	ESI
   896 0000099D 53                              	PUSH	EBX
   897 0000099E 83 EC 0C                        	SUB	ESP,12
   898 000009A1 80 7D 18 00                     	CMP	BYTE [24+EBP],0
   899 000009A5 0F 84 00000180                  	JE	L43
   900 000009AB C6 45 EF 07                     	MOV	BYTE [-17+EBP],7
   901 000009AF C6 45 EE 0C                     	MOV	BYTE [-18+EBP],12
   902 000009B3                                 L44:
   903 000009B3 8B 45 0C                        	MOV	EAX,DWORD [12+EBP]
   904 000009B6 6A 00                           	PUSH	0
   905 000009B8 48                              	DEC	EAX
   906 000009B9 50                              	PUSH	EAX
   907 000009BA 89 45 E8                        	MOV	DWORD [-24+EBP],EAX
   908 000009BD 6A 00                           	PUSH	0
   909 000009BF 6A 00                           	PUSH	0
   910 000009C1 6A 08                           	PUSH	8
   911 000009C3 FF 75 0C                        	PUSH	DWORD [12+EBP]
   912 000009C6 FF 75 08                        	PUSH	DWORD [8+EBP]
   913 000009C9 E8 [00000000]                   	CALL	_boxfill8
   914 000009CE 8B 75 0C                        	MOV	ESI,DWORD [12+EBP]
   915 000009D1 6A 01                           	PUSH	1
   916 000009D3 83 EE 02                        	SUB	ESI,2
   917 000009D6 56                              	PUSH	ESI
   918 000009D7 6A 01                           	PUSH	1
   919 000009D9 6A 01                           	PUSH	1
   920 000009DB 6A 07                           	PUSH	7
   921 000009DD FF 75 0C                        	PUSH	DWORD [12+EBP]
   922 000009E0 FF 75 08                        	PUSH	DWORD [8+EBP]
   923 000009E3 E8 [00000000]                   	CALL	_boxfill8
   924 000009E8 8B 7D 10                        	MOV	EDI,DWORD [16+EBP]
   925 000009EB 83 C4 38                        	ADD	ESP,56
   926 000009EE 4F                              	DEC	EDI
   927 000009EF 57                              	PUSH	EDI
   928 000009F0 6A 00                           	PUSH	0
   929 000009F2 6A 00                           	PUSH	0
   930 000009F4 6A 00                           	PUSH	0
   931 000009F6 6A 08                           	PUSH	8
   932 000009F8 FF 75 0C                        	PUSH	DWORD [12+EBP]
   933 000009FB FF 75 08                        	PUSH	DWORD [8+EBP]
   934 000009FE E8 [00000000]                   	CALL	_boxfill8
   935 00000A03 8B 5D 10                        	MOV	EBX,DWORD [16+EBP]
   936 00000A06 83 EB 02                        	SUB	EBX,2
   937 00000A09 53                              	PUSH	EBX
   938 00000A0A 6A 01                           	PUSH	1
   939 00000A0C 6A 01                           	PUSH	1
   940 00000A0E 6A 01                           	PUSH	1
   941 00000A10 6A 07                           	PUSH	7
   942 00000A12 FF 75 0C                        	PUSH	DWORD [12+EBP]
   943 00000A15 FF 75 08                        	PUSH	DWORD [8+EBP]
   944 00000A18 E8 [00000000]                   	CALL	_boxfill8
   945 00000A1D 83 C4 38                        	ADD	ESP,56
   946 00000A20 53                              	PUSH	EBX
   947 00000A21 56                              	PUSH	ESI
   948 00000A22 6A 01                           	PUSH	1
   949 00000A24 56                              	PUSH	ESI
   950 00000A25 6A 0F                           	PUSH	15
   951 00000A27 FF 75 0C                        	PUSH	DWORD [12+EBP]
   952 00000A2A FF 75 08                        	PUSH	DWORD [8+EBP]
   953 00000A2D E8 [00000000]                   	CALL	_boxfill8
   954 00000A32 57                              	PUSH	EDI
   955 00000A33 FF 75 E8                        	PUSH	DWORD [-24+EBP]
   956 00000A36 6A 00                           	PUSH	0
   957 00000A38 FF 75 E8                        	PUSH	DWORD [-24+EBP]
   958 00000A3B 6A 00                           	PUSH	0
   959 00000A3D FF 75 0C                        	PUSH	DWORD [12+EBP]
   960 00000A40 FF 75 08                        	PUSH	DWORD [8+EBP]
   961 00000A43 E8 [00000000]                   	CALL	_boxfill8
   962 00000A48 8B 45 10                        	MOV	EAX,DWORD [16+EBP]
   963 00000A4B 83 C4 38                        	ADD	ESP,56
   964 00000A4E 83 E8 03                        	SUB	EAX,3
   965 00000A51 50                              	PUSH	EAX
   966 00000A52 8B 45 0C                        	MOV	EAX,DWORD [12+EBP]
   967 00000A55 83 E8 03                        	SUB	EAX,3
   968 00000A58 50                              	PUSH	EAX
   969 00000A59 6A 02                           	PUSH	2
   970 00000A5B 6A 02                           	PUSH	2
   971 00000A5D 6A 08                           	PUSH	8
   972 00000A5F FF 75 0C                        	PUSH	DWORD [12+EBP]
   973 00000A62 FF 75 08                        	PUSH	DWORD [8+EBP]
   974 00000A65 E8 [00000000]                   	CALL	_boxfill8
   975 00000A6A 8B 45 0C                        	MOV	EAX,DWORD [12+EBP]
   976 00000A6D 6A 14                           	PUSH	20
   977 00000A6F 83 E8 04                        	SUB	EAX,4
   978 00000A72 50                              	PUSH	EAX
   979 00000A73 6A 03                           	PUSH	3
   980 00000A75 6A 03                           	PUSH	3
   981 00000A77 0F B6 45 EE                     	MOVZX	EAX,BYTE [-18+EBP]
   982 00000A7B 50                              	PUSH	EAX
   983 00000A7C FF 75 0C                        	PUSH	DWORD [12+EBP]
   984 00000A7F FF 75 08                        	PUSH	DWORD [8+EBP]
   985 00000A82 E8 [00000000]                   	CALL	_boxfill8
   986 00000A87 83 C4 38                        	ADD	ESP,56
   987 00000A8A 53                              	PUSH	EBX
   988 00000A8B 56                              	PUSH	ESI
   989 00000A8C 53                              	PUSH	EBX
   990 00000A8D 6A 01                           	PUSH	1
   991 00000A8F 6A 0F                           	PUSH	15
   992 00000A91 FF 75 0C                        	PUSH	DWORD [12+EBP]
   993 00000A94 FF 75 08                        	PUSH	DWORD [8+EBP]
   994 00000A97 E8 [00000000]                   	CALL	_boxfill8
   995 00000A9C 57                              	PUSH	EDI
   996 00000A9D FF 75 E8                        	PUSH	DWORD [-24+EBP]
   997 00000AA0 57                              	PUSH	EDI
   998 00000AA1 31 FF                           	XOR	EDI,EDI
   999 00000AA3 6A 00                           	PUSH	0
  1000 00000AA5 6A 00                           	PUSH	0
  1001 00000AA7 FF 75 0C                        	PUSH	DWORD [12+EBP]
  1002 00000AAA FF 75 08                        	PUSH	DWORD [8+EBP]
  1003 00000AAD E8 [00000000]                   	CALL	_boxfill8
  1004 00000AB2 83 C4 38                        	ADD	ESP,56
  1005 00000AB5 FF 75 14                        	PUSH	DWORD [20+EBP]
  1006 00000AB8 0F BE 45 EF                     	MOVSX	EAX,BYTE [-17+EBP]
  1007 00000ABC 50                              	PUSH	EAX
  1008 00000ABD 6A 04                           	PUSH	4
  1009 00000ABF 6A 18                           	PUSH	24
  1010 00000AC1 FF 75 0C                        	PUSH	DWORD [12+EBP]
  1011 00000AC4 FF 75 08                        	PUSH	DWORD [8+EBP]
  1012 00000AC7 E8 [00000000]                   	CALL	_putfonts8_asc
  1013 00000ACC 83 C4 18                        	ADD	ESP,24
  1014 00000ACF 6B 5D 0C 05                     	IMUL	EBX,DWORD [12+EBP],5
  1015 00000AD3 C7 45 F0 00000000               	MOV	DWORD [-16+EBP],0
  1016 00000ADA                                 L60:
  1017 00000ADA 8B 45 0C                        	MOV	EAX,DWORD [12+EBP]
  1018 00000ADD 8B 55 08                        	MOV	EDX,DWORD [8+EBP]
  1019 00000AE0 01 D8                           	ADD	EAX,EBX
  1020 00000AE2 31 F6                           	XOR	ESI,ESI
  1021 00000AE4 8D 4C 02 EB                     	LEA	ECX,DWORD [-21+EDX+EAX*1]
  1022 00000AE8                                 L59:
  1023 00000AE8 8A 94 3E [0000009E]             	MOV	DL,BYTE [_closebtn.1+ESI+EDI*1]
  1024 00000AEF 80 FA 40                        	CMP	DL,64
  1025 00000AF2 74 33                           	JE	L65
  1026 00000AF4 80 FA 24                        	CMP	DL,36
  1027 00000AF7 74 2A                           	JE	L66
  1028 00000AF9 80 FA 51                        	CMP	DL,81
  1029 00000AFC B2 08                           	MOV	DL,8
  1030 00000AFE 0F 95 C0                        	SETNE	AL
  1031 00000B01 28 C2                           	SUB	DL,AL
  1032 00000B03                                 L54:
  1033 00000B03 46                              	INC	ESI
  1034 00000B04 88 11                           	MOV	BYTE [ECX],DL
  1035 00000B06 41                              	INC	ECX
  1036 00000B07 83 FE 0F                        	CMP	ESI,15
  1037 00000B0A 7E DC                           	JLE	L59
  1038 00000B0C FF 45 F0                        	INC	DWORD [-16+EBP]
  1039 00000B0F 83 C7 10                        	ADD	EDI,16
  1040 00000B12 03 5D 0C                        	ADD	EBX,DWORD [12+EBP]
  1041 00000B15 83 7D F0 0D                     	CMP	DWORD [-16+EBP],13
  1042 00000B19 7E BF                           	JLE	L60
  1043 00000B1B 8D 65 F4                        	LEA	ESP,DWORD [-12+EBP]
  1044 00000B1E 5B                              	POP	EBX
  1045 00000B1F 5E                              	POP	ESI
  1046 00000B20 5F                              	POP	EDI
  1047 00000B21 5D                              	POP	EBP
  1048 00000B22 C3                              	RET
  1049 00000B23                                 L66:
  1050 00000B23 B2 0F                           	MOV	DL,15
  1051 00000B25 EB DC                           	JMP	L54
  1052 00000B27                                 L65:
  1053 00000B27 31 D2                           	XOR	EDX,EDX
  1054 00000B29 EB D8                           	JMP	L54
  1055 00000B2B                                 L43:
  1056 00000B2B C6 45 EF 08                     	MOV	BYTE [-17+EBP],8
  1057 00000B2F C6 45 EE 0F                     	MOV	BYTE [-18+EBP],15
  1058 00000B33 E9 FFFFFE7B                     	JMP	L44
  1059                                          [SECTION .data]
  1060 0000017E                                 LC7:
  1061 0000017E 25 31 31 64 00                  	DB	"%11d",0x00
  1062                                          [SECTION .text]
  1063 00000B38                                 	GLOBAL	_task_b_main
  1064 00000B38                                 _task_b_main:
  1065 00000B38 55                              	PUSH	EBP
  1066 00000B39 89 E5                           	MOV	EBP,ESP
  1067 00000B3B 57                              	PUSH	EDI
  1068 00000B3C 56                              	PUSH	ESI
  1069 00000B3D 31 FF                           	XOR	EDI,EDI
  1070 00000B3F 53                              	PUSH	EBX
  1071 00000B40 8D 85 FFFFFDD4                  	LEA	EAX,DWORD [-556+EBP]
  1072 00000B46 81 EC 00000234                  	SUB	ESP,564
  1073 00000B4C 8D 5D D4                        	LEA	EBX,DWORD [-44+EBP]
  1074 00000B4F C7 85 FFFFFDC0 00000000         	MOV	DWORD [-576+EBP],0
  1075 00000B59 6A 00                           	PUSH	0
  1076 00000B5B 50                              	PUSH	EAX
  1077 00000B5C 68 00000080                     	PUSH	128
  1078 00000B61 53                              	PUSH	EBX
  1079 00000B62 E8 [00000000]                   	CALL	_fifo32_init
  1080 00000B67 E8 [00000000]                   	CALL	_timer_alloc
  1081 00000B6C 6A 64                           	PUSH	100
  1082 00000B6E 53                              	PUSH	EBX
  1083 00000B6F 89 C6                           	MOV	ESI,EAX
  1084 00000B71 50                              	PUSH	EAX
  1085 00000B72 E8 [00000000]                   	CALL	_timer_init
  1086 00000B77 6A 64                           	PUSH	100
  1087 00000B79 56                              	PUSH	ESI
  1088 00000B7A E8 [00000000]                   	CALL	_timer_settime
  1089 00000B7F 83 C4 24                        	ADD	ESP,36
  1090 00000B82                                 L68:
  1091 00000B82 8D 5D D4                        	LEA	EBX,DWORD [-44+EBP]
  1092 00000B85 E8 [00000000]                   	CALL	_io_cli
  1093 00000B8A 53                              	PUSH	EBX
  1094 00000B8B 47                              	INC	EDI
  1095 00000B8C E8 [00000000]                   	CALL	_fifo32_status
  1096 00000B91 5A                              	POP	EDX
  1097 00000B92 85 C0                           	TEST	EAX,EAX
  1098 00000B94 74 55                           	JE	L74
  1099 00000B96 53                              	PUSH	EBX
  1100 00000B97 E8 [00000000]                   	CALL	_fifo32_get
  1101 00000B9C 89 C3                           	MOV	EBX,EAX
  1102 00000B9E E8 [00000000]                   	CALL	_io_sti
  1103 00000BA3 59                              	POP	ECX
  1104 00000BA4 83 FB 64                        	CMP	EBX,100
  1105 00000BA7 75 D9                           	JNE	L68
  1106 00000BA9 89 F8                           	MOV	EAX,EDI
  1107 00000BAB 8D 9D FFFFFDC4                  	LEA	EBX,DWORD [-572+EBP]
  1108 00000BB1 2B 85 FFFFFDC0                  	SUB	EAX,DWORD [-576+EBP]
  1109 00000BB7 50                              	PUSH	EAX
  1110 00000BB8 68 [0000017E]                   	PUSH	LC7
  1111 00000BBD 53                              	PUSH	EBX
  1112 00000BBE E8 [00000000]                   	CALL	_sprintf
  1113 00000BC3 6A 0B                           	PUSH	11
  1114 00000BC5 53                              	PUSH	EBX
  1115 00000BC6 6A 08                           	PUSH	8
  1116 00000BC8 6A 00                           	PUSH	0
  1117 00000BCA 6A 1C                           	PUSH	28
  1118 00000BCC 6A 18                           	PUSH	24
  1119 00000BCE FF 75 08                        	PUSH	DWORD [8+EBP]
  1120 00000BD1 E8 FFFFF42A                     	CALL	_putfonts8_asc_sht
  1121 00000BD6 83 C4 28                        	ADD	ESP,40
  1122 00000BD9 89 BD FFFFFDC0                  	MOV	DWORD [-576+EBP],EDI
  1123 00000BDF 6A 64                           	PUSH	100
  1124 00000BE1 56                              	PUSH	ESI
  1125 00000BE2 E8 [00000000]                   	CALL	_timer_settime
  1126 00000BE7 58                              	POP	EAX
  1127 00000BE8 5A                              	POP	EDX
  1128 00000BE9 EB 97                           	JMP	L68
  1129 00000BEB                                 L74:
  1130 00000BEB E8 [00000000]                   	CALL	_io_sti
  1131 00000BF0 EB 90                           	JMP	L68
